2014/03/07 17:18:20 INFO  - jmeter.util.JMeterUtils: Setting Locale to en_US 
2014/03/07 17:18:20 INFO  - jmeter.JMeter: Loading user properties from: /opt/jmeter/2.10/bin/user.properties 
2014/03/07 17:18:20 INFO  - jmeter.JMeter: Loading system properties from: /opt/jmeter/2.10/bin/system.properties 
2014/03/07 17:18:20 INFO  - jmeter.JMeter: Copyright (c) 1998-2013 The Apache Software Foundation 
2014/03/07 17:18:20 INFO  - jmeter.JMeter: Version 2.10 r1533061 
2014/03/07 17:18:20 INFO  - jmeter.JMeter: java.version=1.7.0_25 
2014/03/07 17:18:20 INFO  - jmeter.JMeter: java.vm.name=Java HotSpot(TM) 64-Bit Server VM 
2014/03/07 17:18:20 INFO  - jmeter.JMeter: os.name=Linux 
2014/03/07 17:18:20 INFO  - jmeter.JMeter: os.arch=amd64 
2014/03/07 17:18:20 INFO  - jmeter.JMeter: os.version=3.8.0-35-generic 
2014/03/07 17:18:20 INFO  - jmeter.JMeter: file.encoding=UTF-8 
2014/03/07 17:18:20 INFO  - jmeter.JMeter: Default Locale=English (United States) 
2014/03/07 17:18:20 INFO  - jmeter.JMeter: JMeter  Locale=English (United States) 
2014/03/07 17:18:20 INFO  - jmeter.JMeter: JMeterHome=/opt/jmeter/2.10 
2014/03/07 17:18:20 INFO  - jmeter.JMeter: user.dir  =/home/zjzhai/os-projects/koala 
2014/03/07 17:18:20 INFO  - jmeter.JMeter: PWD       =/home/zjzhai/os-projects/koala 
2014/03/07 17:18:20 INFO  - jmeter.JMeter: IP: 127.0.1.1 Name: zjzhai FullName: zjzhai 
2014/03/07 17:18:20 INFO  - jmeter.JMeter: Loaded icon properties from org/apache/jmeter/images/icon.properties 
2014/03/07 17:18:23 INFO  - jmeter.engine.util.CompoundVariable: Note: Function class names must contain the string: '.functions.' 
2014/03/07 17:18:23 INFO  - jmeter.engine.util.CompoundVariable: Note: Function class names must not contain the string: '.gui.' 
2014/03/07 17:18:24 INFO  - jmeter.gui.action.LookAndFeelCommand: Using look and feel: javax.swing.plaf.metal.MetalLookAndFeel [Metal, CrossPlatform] 
2014/03/07 17:18:29 INFO  - jmeter.util.BSFTestElement: Registering JMeter version of JavaScript engine as work-round for BSF-22 
2014/03/07 17:18:30 INFO  - jmeter.protocol.http.sampler.HTTPSamplerBase: Cannot find .className property for htmlParser, using default 
2014/03/07 17:18:30 INFO  - jmeter.protocol.http.sampler.HTTPSamplerBase: Parser for text/html is  
2014/03/07 17:18:30 INFO  - jmeter.protocol.http.sampler.HTTPSamplerBase: Parser for application/xhtml+xml is  
2014/03/07 17:18:30 INFO  - jmeter.protocol.http.sampler.HTTPSamplerBase: Parser for application/xml is  
2014/03/07 17:18:30 INFO  - jmeter.protocol.http.sampler.HTTPSamplerBase: Parser for text/xml is  
2014/03/07 17:18:30 INFO  - jmeter.protocol.http.sampler.HTTPSamplerBase: Parser for text/vnd.wap.wml is org.apache.jmeter.protocol.http.parser.RegexpHTMLParser 
2014/03/07 17:18:30 INFO  - jmeter.gui.util.MenuFactory: Skipping org.apache.jmeter.protocol.http.control.gui.WebServiceSamplerGui 
2014/03/07 17:18:30 INFO  - jmeter.gui.util.MenuFactory: Skipping org.apache.jmeter.protocol.http.modifier.gui.ParamModifierGui 
2014/03/07 17:18:30 INFO  - jmeter.protocol.http.proxy.ProxyControl: HTTP(S) Test Script Recorder SSL Proxy will use keys that support embedded 3rd party resources in file /opt/jmeter/2.10/bin/proxyserver.jks 
2014/03/07 17:18:31 INFO  - jmeter.samplers.SampleResult: Note: Sample TimeStamps are START times 
2014/03/07 17:18:31 INFO  - jmeter.samplers.SampleResult: sampleresult.default.encoding is set to ISO-8859-1 
2014/03/07 17:18:31 INFO  - jmeter.samplers.SampleResult: sampleresult.useNanoTime=true 
2014/03/07 17:18:31 INFO  - jmeter.samplers.SampleResult: sampleresult.nanoThreadSleep=5000 
2014/03/07 17:18:45 INFO  - jmeter.services.FileServer: Default base='/home/zjzhai/os-projects/koala' 
2014/03/07 17:18:45 INFO  - jmeter.gui.action.Load: Loading file: /home/zjzhai/os-projects/koala/koala-businesslog/koala-businesslog-acceptance-test/src/test/jmeter/test.jmx 
2014/03/07 17:18:45 INFO  - jmeter.services.FileServer: Set new base='/home/zjzhai/os-projects/koala/koala-businesslog/koala-businesslog-acceptance-test/src/test/jmeter' 
2014/03/07 17:18:45 INFO  - jmeter.save.SaveService: Testplan (JMX) version: 2.2. Testlog (JTL) version: 2.2 
2014/03/07 17:18:45 INFO  - jmeter.save.SaveService: Using SaveService properties file encoding UTF-8 
2014/03/07 17:18:45 INFO  - jmeter.save.SaveService: Using SaveService properties version 2.5 
2014/03/07 17:18:45 INFO  - jmeter.save.SaveService: Using SaveService properties file version 1519088 
2014/03/07 17:18:45 INFO  - jmeter.save.SaveService: All converter versions present and correct 
2014/03/07 17:18:46 INFO  - jmeter.services.FileServer: Set new base='/home/zjzhai/os-projects/koala/koala-businesslog/koala-businesslog-acceptance-test/src/test/jmeter' 
2014/03/07 17:18:47 INFO  - jmeter.engine.StandardJMeterEngine: Listeners will be started after enabling running version 
2014/03/07 17:18:47 INFO  - jmeter.engine.StandardJMeterEngine: To revert to the earlier behaviour, define jmeterengine.startlistenerslater=false 
2014/03/07 17:18:47 INFO  - jmeter.engine.StandardJMeterEngine: Running the test! 
2014/03/07 17:18:47 INFO  - jmeter.samplers.SampleEvent: List of sample_variables: [] 
2014/03/07 17:18:47 INFO  - jmeter.samplers.SampleEvent: List of sample_variables: [] 
2014/03/07 17:18:47 INFO  - jmeter.gui.util.JMeterMenuBar: setRunning(true,*local*) 
2014/03/07 17:18:47 INFO  - jmeter.engine.StandardJMeterEngine: Starting ThreadGroup: 1 : 线程组 
2014/03/07 17:18:47 INFO  - jmeter.engine.StandardJMeterEngine: Starting 500 threads for group 线程组. 
2014/03/07 17:18:47 INFO  - jmeter.engine.StandardJMeterEngine: Thread will continue on error 
2014/03/07 17:18:47 INFO  - jmeter.threads.ThreadGroup: Starting thread group number 1 threads 500 ramp-up 1 perThread 2.0 delayedStart=false 
2014/03/07 17:18:47 INFO  - jmeter.threads.JMeterThread: jmeterthread.startearlier=true (see jmeter.properties) 
2014/03/07 17:18:47 INFO  - jmeter.threads.JMeterThread: Running PostProcessors in forward order 
2014/03/07 17:18:47 INFO  - jmeter.threads.JMeterThread: Thread started: 线程组 1-1 
2014/03/07 17:18:47 INFO  - jmeter.threads.JMeterThread: Thread started: 线程组 1-2 
2014/03/07 17:18:47 INFO  - jmeter.services.FileServer: Stored: ./company.cvs 
2014/03/07 17:18:47 INFO  - jmeter.threads.JMeterThread: Thread started: 线程组 1-4 
2014/03/07 17:18:47 INFO  - jmeter.threads.JMeterThread: Thread started: 线程组 1-3 
2014/03/07 17:18:47 INFO  - jmeter.threads.JMeterThread: Thread started: 线程组 1-5 
2014/03/07 17:18:47 INFO  - jmeter.threads.JMeterThread: Thread started: 线程组 1-6 
2014/03/07 17:18:47 INFO  - jmeter.threads.JMeterThread: Thread started: 线程组 1-7 
2014/03/07 17:18:47 INFO  - jmeter.threads.JMeterThread: Thread started: 线程组 1-8 
2014/03/07 17:18:47 INFO  - jmeter.threads.JMeterThread: Thread started: 线程组 1-9 
2014/03/07 17:18:47 INFO  - jmeter.threads.JMeterThread: Thread started: 线程组 1-10 
2014/03/07 17:18:47 INFO  - jmeter.threads.JMeterThread: Thread started: 线程组 1-11 
2014/03/07 17:18:47 INFO  - jmeter.threads.JMeterThread: Thread started: 线程组 1-12 
2014/03/07 17:18:47 INFO  - jmeter.threads.JMeterThread: Thread started: 线程组 1-13 
2014/03/07 17:18:47 INFO  - jmeter.threads.JMeterThread: Thread started: 线程组 1-14 
2014/03/07 17:18:47 INFO  - jmeter.threads.JMeterThread: Thread started: 线程组 1-15 
2014/03/07 17:18:47 INFO  - jmeter.protocol.http.sampler.HTTPHCAbstractImpl: Local host = zjzhai 
2014/03/07 17:18:47 INFO  - jmeter.protocol.http.sampler.HTTPHC4Impl: HTTP request retry count = 0 
2014/03/07 17:18:47 INFO  - jmeter.threads.JMeterThread: Thread started: 线程组 1-16 
2014/03/07 17:18:47 INFO  - jmeter.threads.JMeterThread: Thread started: 线程组 1-17 
2014/03/07 17:18:47 INFO  - jmeter.protocol.http.sampler.HTTPHC4Impl: Setting up HTTPS TrustAll scheme 
2014/03/07 17:18:47 INFO  - jmeter.threads.JMeterThread: Thread started: 线程组 1-24 
2014/03/07 17:18:47 INFO  - jmeter.threads.JMeterThread: Thread started: 线程组 1-18 
2014/03/07 17:18:47 INFO  - jmeter.threads.JMeterThread: Thread started: 线程组 1-25 
2014/03/07 17:18:47 INFO  - jmeter.threads.JMeterThread: Thread started: 线程组 1-21 
2014/03/07 17:18:47 INFO  - jmeter.threads.JMeterThread: Thread started: 线程组 1-22 
2014/03/07 17:18:47 INFO  - jmeter.threads.JMeterThread: Thread started: 线程组 1-20 
2014/03/07 17:18:47 INFO  - jmeter.threads.JMeterThread: Thread started: 线程组 1-19 
2014/03/07 17:18:47 INFO  - jmeter.threads.JMeterThread: Thread started: 线程组 1-26 
2014/03/07 17:18:47 INFO  - jmeter.threads.JMeterThread: Thread started: 线程组 1-27 
2014/03/07 17:18:47 INFO  - jmeter.threads.JMeterThread: Thread started: 线程组 1-23 
2014/03/07 17:18:47 INFO  - jmeter.threads.JMeterThread: Thread started: 线程组 1-29 
2014/03/07 17:18:47 INFO  - jmeter.threads.JMeterThread: Thread started: 线程组 1-28 
2014/03/07 17:18:47 INFO  - jmeter.util.JsseSSLManager: Using default SSL protocol: TLS 
2014/03/07 17:18:47 INFO  - jmeter.threads.JMeterThread: Thread started: 线程组 1-30 
2014/03/07 17:18:47 INFO  - jmeter.util.JsseSSLManager: SSL session context: per-thread 
2014/03/07 17:18:47 INFO  - jmeter.threads.JMeterThread: Thread started: 线程组 1-31 
2014/03/07 17:18:47 INFO  - jmeter.threads.JMeterThread: Thread started: 线程组 1-32 
2014/03/07 17:18:47 INFO  - jmeter.threads.JMeterThread: Thread started: 线程组 1-33 
2014/03/07 17:18:47 INFO  - jmeter.threads.JMeterThread: Thread started: 线程组 1-34 
2014/03/07 17:18:47 INFO  - jmeter.threads.JMeterThread: Thread started: 线程组 1-35 
2014/03/07 17:18:47 INFO  - jmeter.threads.JMeterThread: Thread started: 线程组 1-36 
2014/03/07 17:18:47 INFO  - jmeter.threads.JMeterThread: Thread started: 线程组 1-37 
2014/03/07 17:18:47 INFO  - jmeter.threads.JMeterThread: Thread started: 线程组 1-38 
2014/03/07 17:18:47 INFO  - jmeter.threads.JMeterThread: Thread started: 线程组 1-39 
2014/03/07 17:18:47 INFO  - jmeter.threads.JMeterThread: Thread started: 线程组 1-40 
2014/03/07 17:18:47 INFO  - jmeter.threads.JMeterThread: Thread started: 线程组 1-41 
2014/03/07 17:18:47 INFO  - jmeter.threads.JMeterThread: Thread started: 线程组 1-42 
2014/03/07 17:18:47 INFO  - jmeter.threads.JMeterThread: Thread started: 线程组 1-43 
2014/03/07 17:18:47 INFO  - jmeter.threads.JMeterThread: Thread started: 线程组 1-44 
2014/03/07 17:18:47 INFO  - jmeter.threads.JMeterThread: Thread started: 线程组 1-45 
2014/03/07 17:18:47 INFO  - jmeter.threads.JMeterThread: Thread started: 线程组 1-46 
2014/03/07 17:18:47 INFO  - jmeter.threads.JMeterThread: Thread started: 线程组 1-47 
2014/03/07 17:18:47 INFO  - jmeter.threads.JMeterThread: Thread started: 线程组 1-48 
2014/03/07 17:18:47 INFO  - jmeter.threads.JMeterThread: Thread started: 线程组 1-49 
2014/03/07 17:18:47 INFO  - jmeter.threads.JMeterThread: Thread started: 线程组 1-50 
2014/03/07 17:18:47 INFO  - jmeter.threads.JMeterThread: Thread started: 线程组 1-51 
2014/03/07 17:18:47 INFO  - jmeter.threads.JMeterThread: Thread started: 线程组 1-52 
2014/03/07 17:18:47 INFO  - jmeter.threads.JMeterThread: Thread started: 线程组 1-53 
2014/03/07 17:18:47 INFO  - jmeter.threads.JMeterThread: Thread started: 线程组 1-54 
2014/03/07 17:18:47 INFO  - jmeter.threads.JMeterThread: Thread started: 线程组 1-55 
2014/03/07 17:18:47 INFO  - jmeter.threads.JMeterThread: Thread started: 线程组 1-56 
2014/03/07 17:18:47 INFO  - jmeter.threads.JMeterThread: Thread started: 线程组 1-57 
2014/03/07 17:18:47 INFO  - jmeter.threads.JMeterThread: Thread started: 线程组 1-58 
2014/03/07 17:18:47 INFO  - jmeter.threads.JMeterThread: Thread started: 线程组 1-59 
2014/03/07 17:18:47 INFO  - jmeter.threads.JMeterThread: Thread started: 线程组 1-60 
2014/03/07 17:18:47 INFO  - jmeter.threads.JMeterThread: Thread started: 线程组 1-61 
2014/03/07 17:18:47 INFO  - jmeter.threads.JMeterThread: Thread started: 线程组 1-62 
2014/03/07 17:18:47 INFO  - jmeter.threads.JMeterThread: Thread started: 线程组 1-63 
2014/03/07 17:18:47 INFO  - jmeter.threads.JMeterThread: Thread started: 线程组 1-64 
2014/03/07 17:18:47 INFO  - jmeter.threads.JMeterThread: Thread started: 线程组 1-65 
2014/03/07 17:18:47 INFO  - jmeter.threads.JMeterThread: Thread started: 线程组 1-66 
2014/03/07 17:18:47 INFO  - jmeter.threads.JMeterThread: Thread started: 线程组 1-67 
2014/03/07 17:18:47 INFO  - jmeter.threads.JMeterThread: Thread started: 线程组 1-68 
2014/03/07 17:18:47 INFO  - jmeter.threads.JMeterThread: Thread started: 线程组 1-69 
2014/03/07 17:18:47 INFO  - jmeter.threads.JMeterThread: Thread started: 线程组 1-70 
2014/03/07 17:18:47 INFO  - jmeter.threads.JMeterThread: Thread started: 线程组 1-71 
2014/03/07 17:18:47 INFO  - jmeter.threads.JMeterThread: Thread started: 线程组 1-72 
2014/03/07 17:18:47 INFO  - jmeter.threads.JMeterThread: Thread started: 线程组 1-73 
2014/03/07 17:18:47 INFO  - jmeter.threads.JMeterThread: Thread started: 线程组 1-74 
2014/03/07 17:18:47 INFO  - jmeter.threads.JMeterThread: Thread started: 线程组 1-75 
2014/03/07 17:18:47 INFO  - jmeter.threads.JMeterThread: Thread started: 线程组 1-77 
2014/03/07 17:18:47 INFO  - jmeter.threads.JMeterThread: Thread started: 线程组 1-76 
2014/03/07 17:18:47 INFO  - jmeter.threads.JMeterThread: Thread started: 线程组 1-78 
2014/03/07 17:18:47 INFO  - jmeter.threads.JMeterThread: Thread started: 线程组 1-79 
2014/03/07 17:18:47 INFO  - jmeter.threads.JMeterThread: Thread started: 线程组 1-80 
2014/03/07 17:18:47 INFO  - jmeter.threads.JMeterThread: Thread started: 线程组 1-81 
2014/03/07 17:18:47 INFO  - jmeter.threads.JMeterThread: Thread started: 线程组 1-82 
2014/03/07 17:18:47 INFO  - jmeter.threads.JMeterThread: Thread started: 线程组 1-83 
2014/03/07 17:18:47 INFO  - jmeter.threads.JMeterThread: Thread started: 线程组 1-84 
2014/03/07 17:18:47 INFO  - jmeter.threads.JMeterThread: Thread started: 线程组 1-85 
2014/03/07 17:18:47 INFO  - jmeter.threads.JMeterThread: Thread started: 线程组 1-86 
2014/03/07 17:18:47 INFO  - jmeter.threads.JMeterThread: Thread started: 线程组 1-87 
2014/03/07 17:18:47 INFO  - jmeter.threads.JMeterThread: Thread started: 线程组 1-88 
2014/03/07 17:18:47 INFO  - jmeter.threads.JMeterThread: Thread started: 线程组 1-89 
2014/03/07 17:18:47 INFO  - jmeter.threads.JMeterThread: Thread started: 线程组 1-90 
2014/03/07 17:18:47 INFO  - jmeter.threads.JMeterThread: Thread started: 线程组 1-91 
2014/03/07 17:18:47 INFO  - jmeter.threads.JMeterThread: Thread started: 线程组 1-92 
2014/03/07 17:18:47 INFO  - jmeter.threads.JMeterThread: Thread started: 线程组 1-93 
2014/03/07 17:18:47 INFO  - jmeter.threads.JMeterThread: Thread started: 线程组 1-96 
2014/03/07 17:18:47 INFO  - jmeter.threads.JMeterThread: Thread started: 线程组 1-94 
2014/03/07 17:18:47 INFO  - jmeter.threads.JMeterThread: Thread started: 线程组 1-95 
2014/03/07 17:18:47 INFO  - jmeter.threads.JMeterThread: Thread started: 线程组 1-98 
2014/03/07 17:18:47 INFO  - jmeter.threads.JMeterThread: Thread started: 线程组 1-99 
2014/03/07 17:18:47 INFO  - jmeter.threads.JMeterThread: Thread started: 线程组 1-100 
2014/03/07 17:18:47 INFO  - jmeter.threads.JMeterThread: Thread started: 线程组 1-101 
2014/03/07 17:18:47 INFO  - jmeter.threads.JMeterThread: Thread started: 线程组 1-97 
2014/03/07 17:18:47 INFO  - jmeter.threads.JMeterThread: Thread started: 线程组 1-102 
2014/03/07 17:18:47 INFO  - jmeter.threads.JMeterThread: Thread started: 线程组 1-103 
2014/03/07 17:18:47 INFO  - jmeter.threads.JMeterThread: Thread started: 线程组 1-104 
2014/03/07 17:18:47 INFO  - jmeter.threads.JMeterThread: Thread started: 线程组 1-105 
2014/03/07 17:18:47 INFO  - jmeter.threads.JMeterThread: Thread started: 线程组 1-106 
2014/03/07 17:18:47 INFO  - jmeter.threads.JMeterThread: Thread started: 线程组 1-107 
2014/03/07 17:18:47 INFO  - jmeter.threads.JMeterThread: Thread started: 线程组 1-108 
2014/03/07 17:18:47 INFO  - jmeter.threads.JMeterThread: Thread started: 线程组 1-109 
2014/03/07 17:18:47 INFO  - jmeter.threads.JMeterThread: Thread started: 线程组 1-110 
2014/03/07 17:18:47 INFO  - jmeter.threads.JMeterThread: Thread started: 线程组 1-111 
2014/03/07 17:18:47 INFO  - jmeter.threads.JMeterThread: Thread started: 线程组 1-112 
2014/03/07 17:18:47 INFO  - jmeter.threads.JMeterThread: Thread started: 线程组 1-113 
2014/03/07 17:18:47 INFO  - jmeter.threads.JMeterThread: Thread started: 线程组 1-114 
2014/03/07 17:18:47 INFO  - jmeter.threads.JMeterThread: Thread started: 线程组 1-116 
2014/03/07 17:18:47 INFO  - jmeter.threads.JMeterThread: Thread started: 线程组 1-115 
2014/03/07 17:18:47 INFO  - jmeter.threads.JMeterThread: Thread started: 线程组 1-117 
2014/03/07 17:18:47 INFO  - jmeter.threads.JMeterThread: Thread started: 线程组 1-118 
2014/03/07 17:18:47 INFO  - jmeter.threads.JMeterThread: Thread started: 线程组 1-119 
2014/03/07 17:18:47 INFO  - jmeter.threads.JMeterThread: Thread started: 线程组 1-120 
2014/03/07 17:18:47 INFO  - jmeter.threads.JMeterThread: Thread started: 线程组 1-121 
2014/03/07 17:18:47 INFO  - jmeter.threads.JMeterThread: Thread started: 线程组 1-122 
2014/03/07 17:18:47 INFO  - jmeter.threads.JMeterThread: Thread started: 线程组 1-123 
2014/03/07 17:18:47 INFO  - jmeter.threads.JMeterThread: Thread started: 线程组 1-124 
2014/03/07 17:18:47 INFO  - jmeter.threads.JMeterThread: Thread started: 线程组 1-125 
2014/03/07 17:18:47 INFO  - jmeter.threads.JMeterThread: Thread started: 线程组 1-126 
2014/03/07 17:18:47 INFO  - jmeter.threads.JMeterThread: Thread started: 线程组 1-127 
2014/03/07 17:18:48 INFO  - jmeter.threads.JMeterThread: Thread started: 线程组 1-128 
2014/03/07 17:18:48 INFO  - jmeter.threads.JMeterThread: Thread started: 线程组 1-129 
2014/03/07 17:18:48 INFO  - jmeter.threads.JMeterThread: Thread started: 线程组 1-130 
2014/03/07 17:18:48 INFO  - jmeter.threads.JMeterThread: Thread started: 线程组 1-131 
2014/03/07 17:18:48 INFO  - jmeter.threads.JMeterThread: Thread started: 线程组 1-132 
2014/03/07 17:18:48 INFO  - jmeter.threads.JMeterThread: Thread started: 线程组 1-133 
2014/03/07 17:18:48 INFO  - jmeter.threads.JMeterThread: Thread started: 线程组 1-134 
2014/03/07 17:18:48 INFO  - jmeter.threads.JMeterThread: Thread started: 线程组 1-135 
2014/03/07 17:18:48 INFO  - jmeter.threads.JMeterThread: Thread started: 线程组 1-136 
2014/03/07 17:18:48 INFO  - jmeter.threads.JMeterThread: Thread started: 线程组 1-137 
2014/03/07 17:18:48 INFO  - jmeter.threads.JMeterThread: Thread started: 线程组 1-139 
2014/03/07 17:18:48 INFO  - jmeter.threads.JMeterThread: Thread started: 线程组 1-138 
2014/03/07 17:18:48 INFO  - jmeter.threads.JMeterThread: Thread started: 线程组 1-140 
2014/03/07 17:18:48 INFO  - jmeter.threads.JMeterThread: Thread started: 线程组 1-141 
2014/03/07 17:18:48 INFO  - jmeter.threads.JMeterThread: Thread started: 线程组 1-146 
2014/03/07 17:18:48 INFO  - jmeter.threads.JMeterThread: Thread started: 线程组 1-145 
2014/03/07 17:18:48 INFO  - jmeter.threads.JMeterThread: Thread started: 线程组 1-147 
2014/03/07 17:18:48 INFO  - jmeter.threads.JMeterThread: Thread started: 线程组 1-144 
2014/03/07 17:18:48 INFO  - jmeter.threads.JMeterThread: Thread started: 线程组 1-143 
2014/03/07 17:18:48 INFO  - jmeter.threads.JMeterThread: Thread started: 线程组 1-142 
2014/03/07 17:18:48 INFO  - jmeter.threads.JMeterThread: Thread started: 线程组 1-150 
2014/03/07 17:18:48 INFO  - jmeter.threads.JMeterThread: Thread started: 线程组 1-151 
2014/03/07 17:18:48 INFO  - jmeter.threads.JMeterThread: Thread started: 线程组 1-152 
2014/03/07 17:18:48 INFO  - jmeter.threads.JMeterThread: Thread started: 线程组 1-153 
2014/03/07 17:18:48 INFO  - jmeter.threads.JMeterThread: Thread started: 线程组 1-154 
2014/03/07 17:18:48 INFO  - jmeter.threads.JMeterThread: Thread started: 线程组 1-155 
2014/03/07 17:18:48 INFO  - jmeter.threads.JMeterThread: Thread started: 线程组 1-156 
2014/03/07 17:18:48 INFO  - jmeter.threads.JMeterThread: Thread started: 线程组 1-157 
2014/03/07 17:18:48 INFO  - jmeter.threads.JMeterThread: Thread started: 线程组 1-158 
2014/03/07 17:18:48 INFO  - jmeter.threads.JMeterThread: Thread started: 线程组 1-159 
2014/03/07 17:18:48 INFO  - jmeter.threads.JMeterThread: Thread started: 线程组 1-160 
2014/03/07 17:18:48 INFO  - jmeter.threads.JMeterThread: Thread started: 线程组 1-161 
2014/03/07 17:18:48 INFO  - jmeter.threads.JMeterThread: Thread started: 线程组 1-162 
2014/03/07 17:18:48 INFO  - jmeter.threads.JMeterThread: Thread started: 线程组 1-148 
2014/03/07 17:18:48 INFO  - jmeter.threads.JMeterThread: Thread started: 线程组 1-149 
2014/03/07 17:18:48 INFO  - jmeter.threads.JMeterThread: Thread started: 线程组 1-163 
2014/03/07 17:18:48 INFO  - jmeter.threads.JMeterThread: Thread started: 线程组 1-164 
2014/03/07 17:18:48 INFO  - jmeter.threads.JMeterThread: Thread started: 线程组 1-165 
2014/03/07 17:18:48 INFO  - jmeter.threads.JMeterThread: Thread started: 线程组 1-166 
2014/03/07 17:18:48 INFO  - jmeter.threads.JMeterThread: Thread started: 线程组 1-167 
2014/03/07 17:18:48 INFO  - jmeter.threads.JMeterThread: Thread started: 线程组 1-168 
2014/03/07 17:18:48 INFO  - jmeter.threads.JMeterThread: Thread started: 线程组 1-169 
2014/03/07 17:18:48 INFO  - jmeter.threads.JMeterThread: Thread started: 线程组 1-170 
2014/03/07 17:18:48 INFO  - jmeter.threads.JMeterThread: Thread started: 线程组 1-173 
2014/03/07 17:18:48 INFO  - jmeter.threads.JMeterThread: Thread started: 线程组 1-174 
2014/03/07 17:18:48 INFO  - jmeter.threads.JMeterThread: Thread started: 线程组 1-175 
2014/03/07 17:18:48 INFO  - jmeter.threads.JMeterThread: Thread started: 线程组 1-176 
2014/03/07 17:18:48 INFO  - jmeter.threads.JMeterThread: Thread started: 线程组 1-178 
2014/03/07 17:18:48 INFO  - jmeter.threads.JMeterThread: Thread started: 线程组 1-172 
2014/03/07 17:18:48 INFO  - jmeter.threads.JMeterThread: Thread started: 线程组 1-171 
2014/03/07 17:18:48 INFO  - jmeter.threads.JMeterThread: Thread started: 线程组 1-177 
2014/03/07 17:18:48 INFO  - jmeter.threads.JMeterThread: Thread started: 线程组 1-179 
2014/03/07 17:18:48 INFO  - jmeter.threads.JMeterThread: Thread started: 线程组 1-180 
2014/03/07 17:18:48 INFO  - jmeter.threads.JMeterThread: Thread started: 线程组 1-181 
2014/03/07 17:18:48 INFO  - jmeter.threads.JMeterThread: Thread started: 线程组 1-183 
2014/03/07 17:18:48 INFO  - jmeter.threads.JMeterThread: Thread started: 线程组 1-184 
2014/03/07 17:18:48 INFO  - jmeter.threads.JMeterThread: Thread started: 线程组 1-182 
2014/03/07 17:18:48 INFO  - jmeter.threads.JMeterThread: Thread started: 线程组 1-185 
2014/03/07 17:18:48 INFO  - jmeter.threads.JMeterThread: Thread started: 线程组 1-187 
2014/03/07 17:18:48 INFO  - jmeter.threads.JMeterThread: Thread started: 线程组 1-186 
2014/03/07 17:18:48 INFO  - jmeter.threads.JMeterThread: Thread started: 线程组 1-188 
2014/03/07 17:18:48 INFO  - jmeter.threads.JMeterThread: Thread started: 线程组 1-189 
2014/03/07 17:18:48 INFO  - jmeter.threads.JMeterThread: Thread started: 线程组 1-190 
2014/03/07 17:18:48 INFO  - jmeter.threads.JMeterThread: Thread started: 线程组 1-191 
2014/03/07 17:18:48 INFO  - jmeter.threads.JMeterThread: Thread started: 线程组 1-192 
2014/03/07 17:18:48 INFO  - jmeter.threads.JMeterThread: Thread started: 线程组 1-193 
2014/03/07 17:18:48 INFO  - jmeter.threads.JMeterThread: Thread started: 线程组 1-194 
2014/03/07 17:18:48 INFO  - jmeter.threads.JMeterThread: Thread started: 线程组 1-195 
2014/03/07 17:18:48 INFO  - jmeter.threads.JMeterThread: Thread started: 线程组 1-196 
2014/03/07 17:18:48 INFO  - jmeter.threads.JMeterThread: Thread started: 线程组 1-197 
2014/03/07 17:18:48 INFO  - jmeter.threads.JMeterThread: Thread started: 线程组 1-198 
2014/03/07 17:18:48 INFO  - jmeter.threads.JMeterThread: Thread started: 线程组 1-199 
2014/03/07 17:18:48 INFO  - jmeter.threads.JMeterThread: Thread started: 线程组 1-200 
2014/03/07 17:18:48 INFO  - jmeter.threads.JMeterThread: Thread started: 线程组 1-201 
2014/03/07 17:18:48 INFO  - jmeter.threads.JMeterThread: Thread started: 线程组 1-203 
2014/03/07 17:18:48 INFO  - jmeter.threads.JMeterThread: Thread started: 线程组 1-202 
2014/03/07 17:18:48 INFO  - jmeter.threads.JMeterThread: Thread started: 线程组 1-204 
2014/03/07 17:18:48 INFO  - jmeter.threads.JMeterThread: Thread started: 线程组 1-205 
2014/03/07 17:18:48 INFO  - jmeter.threads.JMeterThread: Thread started: 线程组 1-206 
2014/03/07 17:18:48 INFO  - jmeter.threads.JMeterThread: Thread started: 线程组 1-207 
2014/03/07 17:18:48 INFO  - jmeter.threads.JMeterThread: Thread started: 线程组 1-208 
2014/03/07 17:18:48 INFO  - jmeter.threads.JMeterThread: Thread started: 线程组 1-209 
2014/03/07 17:18:48 INFO  - jmeter.threads.JMeterThread: Thread started: 线程组 1-210 
2014/03/07 17:18:48 INFO  - jmeter.threads.JMeterThread: Thread started: 线程组 1-211 
2014/03/07 17:18:48 INFO  - jmeter.threads.JMeterThread: Thread started: 线程组 1-213 
2014/03/07 17:18:48 INFO  - jmeter.threads.JMeterThread: Thread started: 线程组 1-214 
2014/03/07 17:18:48 INFO  - jmeter.threads.JMeterThread: Thread started: 线程组 1-215 
2014/03/07 17:18:48 INFO  - jmeter.threads.JMeterThread: Thread started: 线程组 1-212 
2014/03/07 17:18:48 INFO  - jmeter.threads.JMeterThread: Thread started: 线程组 1-216 
2014/03/07 17:18:48 INFO  - jmeter.threads.JMeterThread: Thread started: 线程组 1-217 
2014/03/07 17:18:48 INFO  - jmeter.threads.JMeterThread: Thread started: 线程组 1-218 
2014/03/07 17:18:48 INFO  - jmeter.threads.JMeterThread: Thread started: 线程组 1-221 
2014/03/07 17:18:48 INFO  - jmeter.threads.JMeterThread: Thread started: 线程组 1-222 
2014/03/07 17:18:48 INFO  - jmeter.threads.JMeterThread: Thread started: 线程组 1-220 
2014/03/07 17:18:48 INFO  - jmeter.threads.JMeterThread: Thread started: 线程组 1-219 
2014/03/07 17:18:48 INFO  - jmeter.threads.JMeterThread: Thread started: 线程组 1-223 
2014/03/07 17:18:48 INFO  - jmeter.threads.JMeterThread: Thread started: 线程组 1-224 
2014/03/07 17:18:48 INFO  - jmeter.threads.JMeterThread: Thread started: 线程组 1-225 
2014/03/07 17:18:48 INFO  - jmeter.threads.JMeterThread: Thread started: 线程组 1-226 
2014/03/07 17:18:48 INFO  - jmeter.threads.JMeterThread: Thread started: 线程组 1-228 
2014/03/07 17:18:48 INFO  - jmeter.threads.JMeterThread: Thread started: 线程组 1-229 
2014/03/07 17:18:48 INFO  - jmeter.threads.JMeterThread: Thread started: 线程组 1-227 
2014/03/07 17:18:48 INFO  - jmeter.threads.JMeterThread: Thread started: 线程组 1-230 
2014/03/07 17:18:48 INFO  - jmeter.threads.JMeterThread: Thread started: 线程组 1-231 
2014/03/07 17:18:48 INFO  - jmeter.threads.JMeterThread: Thread started: 线程组 1-233 
2014/03/07 17:18:48 INFO  - jmeter.threads.JMeterThread: Thread started: 线程组 1-232 
2014/03/07 17:18:48 INFO  - jmeter.threads.JMeterThread: Thread started: 线程组 1-234 
2014/03/07 17:18:48 INFO  - jmeter.threads.JMeterThread: Thread started: 线程组 1-236 
2014/03/07 17:18:48 INFO  - jmeter.threads.JMeterThread: Thread started: 线程组 1-237 
2014/03/07 17:18:48 INFO  - jmeter.threads.JMeterThread: Thread started: 线程组 1-238 
2014/03/07 17:18:48 INFO  - jmeter.threads.JMeterThread: Thread started: 线程组 1-239 
2014/03/07 17:18:48 INFO  - jmeter.threads.JMeterThread: Thread started: 线程组 1-235 
2014/03/07 17:18:48 INFO  - jmeter.threads.JMeterThread: Thread started: 线程组 1-240 
2014/03/07 17:18:48 INFO  - jmeter.threads.JMeterThread: Thread started: 线程组 1-241 
2014/03/07 17:18:48 INFO  - jmeter.threads.JMeterThread: Thread started: 线程组 1-242 
2014/03/07 17:18:48 INFO  - jmeter.threads.JMeterThread: Thread started: 线程组 1-243 
2014/03/07 17:18:48 INFO  - jmeter.threads.JMeterThread: Thread started: 线程组 1-244 
2014/03/07 17:18:48 INFO  - jmeter.threads.JMeterThread: Thread started: 线程组 1-245 
2014/03/07 17:18:48 INFO  - jmeter.threads.JMeterThread: Thread started: 线程组 1-247 
2014/03/07 17:18:48 INFO  - jmeter.threads.JMeterThread: Thread started: 线程组 1-248 
2014/03/07 17:18:48 INFO  - jmeter.threads.JMeterThread: Thread started: 线程组 1-249 
2014/03/07 17:18:48 INFO  - jmeter.threads.JMeterThread: Thread started: 线程组 1-250 
2014/03/07 17:18:48 INFO  - jmeter.threads.JMeterThread: Thread started: 线程组 1-246 
2014/03/07 17:18:48 INFO  - jmeter.threads.JMeterThread: Thread started: 线程组 1-251 
2014/03/07 17:18:48 INFO  - jmeter.threads.JMeterThread: Thread started: 线程组 1-254 
2014/03/07 17:18:48 INFO  - jmeter.threads.JMeterThread: Thread started: 线程组 1-255 
2014/03/07 17:18:48 INFO  - jmeter.threads.JMeterThread: Thread started: 线程组 1-256 
2014/03/07 17:18:48 INFO  - jmeter.threads.JMeterThread: Thread started: 线程组 1-257 
2014/03/07 17:18:48 INFO  - jmeter.threads.JMeterThread: Thread started: 线程组 1-252 
2014/03/07 17:18:48 INFO  - jmeter.threads.JMeterThread: Thread started: 线程组 1-259 
2014/03/07 17:18:48 INFO  - jmeter.threads.JMeterThread: Thread started: 线程组 1-260 
2014/03/07 17:18:48 INFO  - jmeter.threads.JMeterThread: Thread started: 线程组 1-261 
2014/03/07 17:18:48 INFO  - jmeter.threads.JMeterThread: Thread started: 线程组 1-262 
2014/03/07 17:18:48 INFO  - jmeter.threads.JMeterThread: Thread started: 线程组 1-253 
2014/03/07 17:18:48 INFO  - jmeter.threads.JMeterThread: Thread started: 线程组 1-258 
2014/03/07 17:18:48 INFO  - jmeter.threads.JMeterThread: Thread started: 线程组 1-263 
2014/03/07 17:18:48 INFO  - jmeter.threads.JMeterThread: Thread started: 线程组 1-265 
2014/03/07 17:18:48 INFO  - jmeter.threads.JMeterThread: Thread started: 线程组 1-264 
2014/03/07 17:18:48 INFO  - jmeter.threads.JMeterThread: Thread started: 线程组 1-266 
2014/03/07 17:18:48 INFO  - jmeter.threads.JMeterThread: Thread started: 线程组 1-269 
2014/03/07 17:18:48 INFO  - jmeter.threads.JMeterThread: Thread started: 线程组 1-268 
2014/03/07 17:18:48 INFO  - jmeter.threads.JMeterThread: Thread started: 线程组 1-270 
2014/03/07 17:18:48 INFO  - jmeter.threads.JMeterThread: Thread started: 线程组 1-267 
2014/03/07 17:18:48 INFO  - jmeter.threads.JMeterThread: Thread started: 线程组 1-271 
2014/03/07 17:18:48 INFO  - jmeter.threads.JMeterThread: Thread started: 线程组 1-272 
2014/03/07 17:18:48 INFO  - jmeter.threads.JMeterThread: Thread started: 线程组 1-273 
2014/03/07 17:18:48 INFO  - jmeter.threads.JMeterThread: Thread started: 线程组 1-274 
2014/03/07 17:18:48 INFO  - jmeter.threads.JMeterThread: Thread started: 线程组 1-275 
2014/03/07 17:18:48 INFO  - jmeter.threads.JMeterThread: Thread started: 线程组 1-285 
2014/03/07 17:18:48 INFO  - jmeter.threads.JMeterThread: Thread started: 线程组 1-280 
2014/03/07 17:18:48 INFO  - jmeter.threads.JMeterThread: Thread started: 线程组 1-279 
2014/03/07 17:18:48 INFO  - jmeter.threads.JMeterThread: Thread started: 线程组 1-278 
2014/03/07 17:18:48 INFO  - jmeter.threads.JMeterThread: Thread started: 线程组 1-284 
2014/03/07 17:18:48 INFO  - jmeter.threads.JMeterThread: Thread started: 线程组 1-277 
2014/03/07 17:18:48 INFO  - jmeter.threads.JMeterThread: Thread started: 线程组 1-283 
2014/03/07 17:18:48 INFO  - jmeter.threads.JMeterThread: Thread started: 线程组 1-276 
2014/03/07 17:18:48 INFO  - jmeter.threads.JMeterThread: Thread started: 线程组 1-282 
2014/03/07 17:18:48 INFO  - jmeter.threads.JMeterThread: Thread started: 线程组 1-281 
2014/03/07 17:18:48 INFO  - jmeter.threads.JMeterThread: Thread started: 线程组 1-288 
2014/03/07 17:18:48 INFO  - jmeter.threads.JMeterThread: Thread started: 线程组 1-289 
2014/03/07 17:18:48 INFO  - jmeter.threads.JMeterThread: Thread started: 线程组 1-287 
2014/03/07 17:18:48 INFO  - jmeter.threads.JMeterThread: Thread started: 线程组 1-286 
2014/03/07 17:18:48 INFO  - jmeter.threads.JMeterThread: Thread started: 线程组 1-290 
2014/03/07 17:18:48 INFO  - jmeter.threads.JMeterThread: Thread started: 线程组 1-291 
2014/03/07 17:18:48 INFO  - jmeter.threads.JMeterThread: Thread started: 线程组 1-292 
2014/03/07 17:18:48 INFO  - jmeter.threads.JMeterThread: Thread started: 线程组 1-293 
2014/03/07 17:18:48 INFO  - jmeter.threads.JMeterThread: Thread started: 线程组 1-294 
2014/03/07 17:18:48 INFO  - jmeter.threads.JMeterThread: Thread started: 线程组 1-295 
2014/03/07 17:18:48 INFO  - jmeter.threads.JMeterThread: Thread started: 线程组 1-296 
2014/03/07 17:18:48 INFO  - jmeter.threads.JMeterThread: Thread started: 线程组 1-297 
2014/03/07 17:18:48 INFO  - jmeter.threads.JMeterThread: Thread started: 线程组 1-298 
2014/03/07 17:18:48 INFO  - jmeter.threads.JMeterThread: Thread started: 线程组 1-299 
2014/03/07 17:18:48 INFO  - jmeter.threads.JMeterThread: Thread started: 线程组 1-300 
2014/03/07 17:18:48 INFO  - jmeter.threads.JMeterThread: Thread started: 线程组 1-301 
2014/03/07 17:18:48 INFO  - jmeter.threads.JMeterThread: Thread started: 线程组 1-304 
2014/03/07 17:18:48 INFO  - jmeter.threads.JMeterThread: Thread started: 线程组 1-303 
2014/03/07 17:18:48 INFO  - jmeter.threads.JMeterThread: Thread started: 线程组 1-302 
2014/03/07 17:18:48 INFO  - jmeter.threads.JMeterThread: Thread started: 线程组 1-305 
2014/03/07 17:18:48 INFO  - jmeter.threads.JMeterThread: Thread started: 线程组 1-306 
2014/03/07 17:18:48 INFO  - jmeter.threads.JMeterThread: Thread started: 线程组 1-307 
2014/03/07 17:18:48 INFO  - jmeter.threads.JMeterThread: Thread started: 线程组 1-308 
2014/03/07 17:18:48 INFO  - jmeter.threads.JMeterThread: Thread started: 线程组 1-311 
2014/03/07 17:18:48 INFO  - jmeter.threads.JMeterThread: Thread started: 线程组 1-310 
2014/03/07 17:18:48 INFO  - jmeter.threads.JMeterThread: Thread started: 线程组 1-312 
2014/03/07 17:18:48 INFO  - jmeter.threads.JMeterThread: Thread started: 线程组 1-314 
2014/03/07 17:18:48 INFO  - jmeter.threads.JMeterThread: Thread started: 线程组 1-313 
2014/03/07 17:18:48 INFO  - jmeter.threads.JMeterThread: Thread started: 线程组 1-309 
2014/03/07 17:18:48 INFO  - jmeter.threads.JMeterThread: Thread started: 线程组 1-315 
2014/03/07 17:18:49 INFO  - jmeter.threads.JMeterThread: Thread started: 线程组 1-316 
2014/03/07 17:18:49 INFO  - jmeter.threads.JMeterThread: Thread started: 线程组 1-318 
2014/03/07 17:18:49 INFO  - jmeter.threads.JMeterThread: Thread started: 线程组 1-319 
2014/03/07 17:18:49 INFO  - jmeter.threads.JMeterThread: Thread started: 线程组 1-317 
2014/03/07 17:18:49 INFO  - jmeter.threads.JMeterThread: Thread started: 线程组 1-320 
2014/03/07 17:18:49 INFO  - jmeter.threads.JMeterThread: Thread started: 线程组 1-321 
2014/03/07 17:18:49 INFO  - jmeter.threads.JMeterThread: Thread started: 线程组 1-323 
2014/03/07 17:18:49 INFO  - jmeter.threads.JMeterThread: Thread started: 线程组 1-324 
2014/03/07 17:18:49 INFO  - jmeter.threads.JMeterThread: Thread started: 线程组 1-325 
2014/03/07 17:18:49 INFO  - jmeter.threads.JMeterThread: Thread started: 线程组 1-326 
2014/03/07 17:18:49 INFO  - jmeter.threads.JMeterThread: Thread started: 线程组 1-327 
2014/03/07 17:18:49 INFO  - jmeter.threads.JMeterThread: Thread started: 线程组 1-328 
2014/03/07 17:18:49 INFO  - jmeter.threads.JMeterThread: Thread started: 线程组 1-329 
2014/03/07 17:18:49 INFO  - jmeter.threads.JMeterThread: Thread started: 线程组 1-330 
2014/03/07 17:18:49 INFO  - jmeter.threads.JMeterThread: Thread started: 线程组 1-331 
2014/03/07 17:18:49 INFO  - jmeter.threads.JMeterThread: Thread started: 线程组 1-332 
2014/03/07 17:18:49 INFO  - jmeter.threads.JMeterThread: Thread started: 线程组 1-333 
2014/03/07 17:18:49 INFO  - jmeter.threads.JMeterThread: Thread started: 线程组 1-322 
2014/03/07 17:18:49 INFO  - jmeter.threads.JMeterThread: Thread started: 线程组 1-334 
2014/03/07 17:18:49 INFO  - jmeter.threads.JMeterThread: Thread started: 线程组 1-335 
2014/03/07 17:18:49 INFO  - jmeter.threads.JMeterThread: Thread started: 线程组 1-336 
2014/03/07 17:18:49 INFO  - jmeter.threads.JMeterThread: Thread started: 线程组 1-337 
2014/03/07 17:18:49 INFO  - jmeter.threads.JMeterThread: Thread started: 线程组 1-338 
2014/03/07 17:18:49 INFO  - jmeter.threads.JMeterThread: Thread started: 线程组 1-339 
2014/03/07 17:18:49 INFO  - jmeter.threads.JMeterThread: Thread started: 线程组 1-340 
2014/03/07 17:18:49 INFO  - jmeter.threads.JMeterThread: Thread started: 线程组 1-341 
2014/03/07 17:18:49 INFO  - jmeter.threads.JMeterThread: Thread started: 线程组 1-342 
2014/03/07 17:18:49 INFO  - jmeter.threads.JMeterThread: Thread started: 线程组 1-343 
2014/03/07 17:18:49 INFO  - jmeter.threads.JMeterThread: Thread started: 线程组 1-345 
2014/03/07 17:18:49 INFO  - jmeter.threads.JMeterThread: Thread started: 线程组 1-344 
2014/03/07 17:18:49 INFO  - jmeter.threads.JMeterThread: Thread started: 线程组 1-347 
2014/03/07 17:18:49 INFO  - jmeter.threads.JMeterThread: Thread started: 线程组 1-346 
2014/03/07 17:18:49 INFO  - jmeter.threads.JMeterThread: Thread started: 线程组 1-349 
2014/03/07 17:18:49 INFO  - jmeter.threads.JMeterThread: Thread started: 线程组 1-350 
2014/03/07 17:18:49 INFO  - jmeter.threads.JMeterThread: Thread started: 线程组 1-351 
2014/03/07 17:18:49 INFO  - jmeter.threads.JMeterThread: Thread started: 线程组 1-348 
2014/03/07 17:18:49 INFO  - jmeter.threads.JMeterThread: Thread started: 线程组 1-355 
2014/03/07 17:18:49 INFO  - jmeter.threads.JMeterThread: Thread started: 线程组 1-352 
2014/03/07 17:18:49 INFO  - jmeter.threads.JMeterThread: Thread started: 线程组 1-353 
2014/03/07 17:18:49 INFO  - jmeter.threads.JMeterThread: Thread started: 线程组 1-357 
2014/03/07 17:18:49 INFO  - jmeter.threads.JMeterThread: Thread started: 线程组 1-354 
2014/03/07 17:18:49 INFO  - jmeter.threads.JMeterThread: Thread started: 线程组 1-356 
2014/03/07 17:18:49 INFO  - jmeter.threads.JMeterThread: Thread started: 线程组 1-358 
2014/03/07 17:18:49 INFO  - jmeter.threads.JMeterThread: Thread started: 线程组 1-359 
2014/03/07 17:18:49 INFO  - jmeter.threads.JMeterThread: Thread started: 线程组 1-360 
2014/03/07 17:18:49 INFO  - jmeter.threads.JMeterThread: Thread started: 线程组 1-361 
2014/03/07 17:18:49 INFO  - jmeter.threads.JMeterThread: Thread started: 线程组 1-362 
2014/03/07 17:18:49 INFO  - jmeter.threads.JMeterThread: Thread started: 线程组 1-363 
2014/03/07 17:18:49 INFO  - jmeter.threads.JMeterThread: Thread started: 线程组 1-364 
2014/03/07 17:18:49 INFO  - jmeter.threads.JMeterThread: Thread started: 线程组 1-365 
2014/03/07 17:18:49 INFO  - jmeter.threads.JMeterThread: Thread started: 线程组 1-366 
2014/03/07 17:18:49 INFO  - jmeter.threads.JMeterThread: Thread started: 线程组 1-367 
2014/03/07 17:18:49 INFO  - jmeter.threads.JMeterThread: Thread started: 线程组 1-368 
2014/03/07 17:18:49 INFO  - jmeter.threads.JMeterThread: Thread started: 线程组 1-374 
2014/03/07 17:18:49 INFO  - jmeter.threads.JMeterThread: Thread started: 线程组 1-376 
2014/03/07 17:18:49 INFO  - jmeter.threads.JMeterThread: Thread started: 线程组 1-375 
2014/03/07 17:18:49 INFO  - jmeter.threads.JMeterThread: Thread started: 线程组 1-377 
2014/03/07 17:18:49 INFO  - jmeter.threads.JMeterThread: Thread started: 线程组 1-378 
2014/03/07 17:18:49 INFO  - jmeter.threads.JMeterThread: Thread started: 线程组 1-379 
2014/03/07 17:18:49 INFO  - jmeter.threads.JMeterThread: Thread started: 线程组 1-380 
2014/03/07 17:18:49 INFO  - jmeter.threads.JMeterThread: Thread started: 线程组 1-381 
2014/03/07 17:18:49 INFO  - jmeter.threads.JMeterThread: Thread started: 线程组 1-382 
2014/03/07 17:18:49 INFO  - jmeter.threads.JMeterThread: Thread started: 线程组 1-383 
2014/03/07 17:18:49 INFO  - jmeter.threads.JMeterThread: Thread started: 线程组 1-373 
2014/03/07 17:18:49 INFO  - jmeter.threads.JMeterThread: Thread started: 线程组 1-372 
2014/03/07 17:18:49 INFO  - jmeter.threads.JMeterThread: Thread started: 线程组 1-371 
2014/03/07 17:18:49 INFO  - jmeter.threads.JMeterThread: Thread started: 线程组 1-370 
2014/03/07 17:18:49 INFO  - jmeter.threads.JMeterThread: Thread started: 线程组 1-385 
2014/03/07 17:18:49 INFO  - jmeter.threads.JMeterThread: Thread started: 线程组 1-384 
2014/03/07 17:18:49 INFO  - jmeter.threads.JMeterThread: Thread started: 线程组 1-386 
2014/03/07 17:18:49 INFO  - jmeter.threads.JMeterThread: Thread started: 线程组 1-387 
2014/03/07 17:18:49 INFO  - jmeter.threads.JMeterThread: Thread started: 线程组 1-389 
2014/03/07 17:18:49 INFO  - jmeter.threads.JMeterThread: Thread started: 线程组 1-388 
2014/03/07 17:18:49 INFO  - jmeter.threads.JMeterThread: Thread started: 线程组 1-390 
2014/03/07 17:18:49 INFO  - jmeter.threads.ThreadGroup: Started thread group number 1 
2014/03/07 17:18:49 INFO  - jmeter.engine.StandardJMeterEngine: All thread groups have been started 
2014/03/07 17:18:49 INFO  - jmeter.threads.JMeterThread: Thread started: 线程组 1-369 
2014/03/07 17:18:49 INFO  - jmeter.threads.JMeterThread: Thread started: 线程组 1-391 
2014/03/07 17:18:49 INFO  - jmeter.threads.JMeterThread: Thread started: 线程组 1-392 
2014/03/07 17:18:49 INFO  - jmeter.threads.JMeterThread: Thread started: 线程组 1-393 
2014/03/07 17:18:49 INFO  - jmeter.threads.JMeterThread: Thread started: 线程组 1-394 
2014/03/07 17:18:49 INFO  - jmeter.threads.JMeterThread: Thread started: 线程组 1-395 
2014/03/07 17:18:49 INFO  - jmeter.threads.JMeterThread: Thread started: 线程组 1-396 
2014/03/07 17:18:49 INFO  - jmeter.threads.JMeterThread: Thread started: 线程组 1-397 
2014/03/07 17:18:49 INFO  - jmeter.threads.JMeterThread: Thread started: 线程组 1-398 
2014/03/07 17:18:49 INFO  - jmeter.threads.JMeterThread: Thread started: 线程组 1-400 
2014/03/07 17:18:49 INFO  - jmeter.threads.JMeterThread: Thread started: 线程组 1-399 
2014/03/07 17:18:49 INFO  - jmeter.threads.JMeterThread: Thread started: 线程组 1-401 
2014/03/07 17:18:49 INFO  - jmeter.threads.JMeterThread: Thread started: 线程组 1-402 
2014/03/07 17:18:49 INFO  - jmeter.threads.JMeterThread: Thread started: 线程组 1-403 
2014/03/07 17:18:49 INFO  - jmeter.threads.JMeterThread: Thread started: 线程组 1-404 
2014/03/07 17:18:49 INFO  - jmeter.threads.JMeterThread: Thread started: 线程组 1-405 
2014/03/07 17:18:49 INFO  - jmeter.threads.JMeterThread: Thread started: 线程组 1-406 
2014/03/07 17:18:49 INFO  - jmeter.threads.JMeterThread: Thread started: 线程组 1-407 
2014/03/07 17:18:49 INFO  - jmeter.threads.JMeterThread: Thread started: 线程组 1-409 
2014/03/07 17:18:49 INFO  - jmeter.threads.JMeterThread: Thread started: 线程组 1-410 
2014/03/07 17:18:49 INFO  - jmeter.threads.JMeterThread: Thread started: 线程组 1-411 
2014/03/07 17:18:49 INFO  - jmeter.threads.JMeterThread: Thread started: 线程组 1-408 
2014/03/07 17:18:49 INFO  - jmeter.threads.JMeterThread: Thread started: 线程组 1-412 
2014/03/07 17:18:49 INFO  - jmeter.threads.JMeterThread: Thread started: 线程组 1-413 
2014/03/07 17:18:49 INFO  - jmeter.threads.JMeterThread: Thread started: 线程组 1-414 
2014/03/07 17:18:49 INFO  - jmeter.threads.JMeterThread: Thread started: 线程组 1-415 
2014/03/07 17:18:49 INFO  - jmeter.threads.JMeterThread: Thread started: 线程组 1-416 
2014/03/07 17:18:49 INFO  - jmeter.threads.JMeterThread: Thread started: 线程组 1-417 
2014/03/07 17:18:50 INFO  - jmeter.threads.JMeterThread: Thread started: 线程组 1-419 
2014/03/07 17:18:50 INFO  - jmeter.threads.JMeterThread: Thread started: 线程组 1-418 
2014/03/07 17:18:50 INFO  - jmeter.threads.JMeterThread: Thread started: 线程组 1-420 
2014/03/07 17:18:50 INFO  - jmeter.threads.JMeterThread: Thread started: 线程组 1-421 
2014/03/07 17:18:50 INFO  - jmeter.threads.JMeterThread: Thread started: 线程组 1-422 
2014/03/07 17:18:50 INFO  - jmeter.threads.JMeterThread: Thread started: 线程组 1-423 
2014/03/07 17:18:50 INFO  - jmeter.threads.JMeterThread: Thread started: 线程组 1-425 
2014/03/07 17:18:50 INFO  - jmeter.threads.JMeterThread: Thread started: 线程组 1-431 
2014/03/07 17:18:50 INFO  - jmeter.threads.JMeterThread: Thread started: 线程组 1-432 
2014/03/07 17:18:50 INFO  - jmeter.threads.JMeterThread: Thread started: 线程组 1-426 
2014/03/07 17:18:50 INFO  - jmeter.threads.JMeterThread: Thread started: 线程组 1-433 
2014/03/07 17:18:50 INFO  - jmeter.threads.JMeterThread: Thread started: 线程组 1-434 
2014/03/07 17:18:50 INFO  - jmeter.threads.JMeterThread: Thread started: 线程组 1-427 
2014/03/07 17:18:50 INFO  - jmeter.threads.JMeterThread: Thread started: 线程组 1-424 
2014/03/07 17:18:50 INFO  - jmeter.threads.JMeterThread: Thread started: 线程组 1-428 
2014/03/07 17:18:50 INFO  - jmeter.threads.JMeterThread: Thread started: 线程组 1-437 
2014/03/07 17:18:50 INFO  - jmeter.threads.JMeterThread: Thread started: 线程组 1-435 
2014/03/07 17:18:50 INFO  - jmeter.threads.JMeterThread: Thread started: 线程组 1-436 
2014/03/07 17:18:50 INFO  - jmeter.threads.JMeterThread: Thread started: 线程组 1-438 
2014/03/07 17:18:50 INFO  - jmeter.threads.JMeterThread: Thread started: 线程组 1-440 
2014/03/07 17:18:50 INFO  - jmeter.threads.JMeterThread: Thread started: 线程组 1-439 
2014/03/07 17:18:50 INFO  - jmeter.threads.JMeterThread: Thread started: 线程组 1-429 
2014/03/07 17:18:50 INFO  - jmeter.threads.JMeterThread: Thread started: 线程组 1-430 
2014/03/07 17:18:50 INFO  - jmeter.threads.JMeterThread: Thread started: 线程组 1-441 
2014/03/07 17:18:50 INFO  - jmeter.threads.JMeterThread: Thread started: 线程组 1-442 
2014/03/07 17:18:50 INFO  - jmeter.threads.JMeterThread: Thread started: 线程组 1-446 
2014/03/07 17:18:50 INFO  - jmeter.threads.JMeterThread: Thread started: 线程组 1-443 
2014/03/07 17:18:50 INFO  - jmeter.threads.JMeterThread: Thread started: 线程组 1-444 
2014/03/07 17:18:50 INFO  - jmeter.threads.JMeterThread: Thread started: 线程组 1-445 
2014/03/07 17:18:50 INFO  - jmeter.threads.JMeterThread: Thread started: 线程组 1-448 
2014/03/07 17:18:50 INFO  - jmeter.threads.JMeterThread: Thread started: 线程组 1-450 
2014/03/07 17:18:50 INFO  - jmeter.threads.JMeterThread: Thread started: 线程组 1-447 
2014/03/07 17:18:50 INFO  - jmeter.threads.JMeterThread: Thread started: 线程组 1-451 
2014/03/07 17:18:50 INFO  - jmeter.threads.JMeterThread: Thread started: 线程组 1-452 
2014/03/07 17:18:50 INFO  - jmeter.threads.JMeterThread: Thread started: 线程组 1-453 
2014/03/07 17:18:50 INFO  - jmeter.threads.JMeterThread: Thread started: 线程组 1-454 
2014/03/07 17:18:50 INFO  - jmeter.threads.JMeterThread: Thread started: 线程组 1-449 
2014/03/07 17:18:50 INFO  - jmeter.threads.JMeterThread: Thread started: 线程组 1-455 
2014/03/07 17:18:50 INFO  - jmeter.threads.JMeterThread: Thread started: 线程组 1-456 
2014/03/07 17:18:50 INFO  - jmeter.threads.JMeterThread: Thread started: 线程组 1-458 
2014/03/07 17:18:50 INFO  - jmeter.threads.JMeterThread: Thread started: 线程组 1-457 
2014/03/07 17:18:50 INFO  - jmeter.threads.JMeterThread: Thread started: 线程组 1-460 
2014/03/07 17:18:50 INFO  - jmeter.threads.JMeterThread: Thread started: 线程组 1-459 
2014/03/07 17:18:50 INFO  - jmeter.threads.JMeterThread: Thread started: 线程组 1-461 
2014/03/07 17:18:50 INFO  - jmeter.threads.JMeterThread: Thread started: 线程组 1-462 
2014/03/07 17:18:50 INFO  - jmeter.threads.JMeterThread: Thread started: 线程组 1-463 
2014/03/07 17:18:50 INFO  - jmeter.threads.JMeterThread: Thread started: 线程组 1-464 
2014/03/07 17:18:50 INFO  - jmeter.threads.JMeterThread: Thread started: 线程组 1-466 
2014/03/07 17:18:50 INFO  - jmeter.threads.JMeterThread: Thread started: 线程组 1-467 
2014/03/07 17:18:50 INFO  - jmeter.threads.JMeterThread: Thread started: 线程组 1-468 
2014/03/07 17:18:50 INFO  - jmeter.threads.JMeterThread: Thread started: 线程组 1-469 
2014/03/07 17:18:50 INFO  - jmeter.threads.JMeterThread: Thread started: 线程组 1-470 
2014/03/07 17:18:50 INFO  - jmeter.threads.JMeterThread: Thread started: 线程组 1-471 
2014/03/07 17:18:50 INFO  - jmeter.threads.JMeterThread: Thread started: 线程组 1-472 
2014/03/07 17:18:50 INFO  - jmeter.threads.JMeterThread: Thread started: 线程组 1-473 
2014/03/07 17:18:50 INFO  - jmeter.threads.JMeterThread: Thread started: 线程组 1-474 
2014/03/07 17:18:50 INFO  - jmeter.threads.JMeterThread: Thread started: 线程组 1-475 
2014/03/07 17:18:50 INFO  - jmeter.threads.JMeterThread: Thread started: 线程组 1-476 
2014/03/07 17:18:50 INFO  - jmeter.threads.JMeterThread: Thread started: 线程组 1-477 
2014/03/07 17:18:50 INFO  - jmeter.threads.JMeterThread: Thread started: 线程组 1-478 
2014/03/07 17:18:50 INFO  - jmeter.threads.JMeterThread: Thread started: 线程组 1-479 
2014/03/07 17:18:50 INFO  - jmeter.threads.JMeterThread: Thread started: 线程组 1-480 
2014/03/07 17:18:50 INFO  - jmeter.threads.JMeterThread: Thread started: 线程组 1-481 
2014/03/07 17:18:50 INFO  - jmeter.threads.JMeterThread: Thread started: 线程组 1-482 
2014/03/07 17:18:50 INFO  - jmeter.threads.JMeterThread: Thread started: 线程组 1-483 
2014/03/07 17:18:50 INFO  - jmeter.threads.JMeterThread: Thread started: 线程组 1-484 
2014/03/07 17:18:50 INFO  - jmeter.threads.JMeterThread: Thread started: 线程组 1-485 
2014/03/07 17:18:50 INFO  - jmeter.threads.JMeterThread: Thread started: 线程组 1-486 
2014/03/07 17:18:50 INFO  - jmeter.threads.JMeterThread: Thread started: 线程组 1-487 
2014/03/07 17:18:50 INFO  - jmeter.threads.JMeterThread: Thread started: 线程组 1-488 
2014/03/07 17:18:50 INFO  - jmeter.threads.JMeterThread: Thread started: 线程组 1-489 
2014/03/07 17:18:50 INFO  - jmeter.threads.JMeterThread: Thread started: 线程组 1-490 
2014/03/07 17:18:50 INFO  - jmeter.threads.JMeterThread: Thread started: 线程组 1-465 
2014/03/07 17:18:50 INFO  - jmeter.threads.JMeterThread: Thread started: 线程组 1-492 
2014/03/07 17:18:50 INFO  - jmeter.threads.JMeterThread: Thread started: 线程组 1-493 
2014/03/07 17:18:50 INFO  - jmeter.threads.JMeterThread: Thread started: 线程组 1-494 
2014/03/07 17:18:50 INFO  - jmeter.threads.JMeterThread: Thread started: 线程组 1-495 
2014/03/07 17:18:50 INFO  - jmeter.threads.JMeterThread: Thread started: 线程组 1-497 
2014/03/07 17:18:50 INFO  - jmeter.threads.JMeterThread: Thread started: 线程组 1-496 
2014/03/07 17:18:50 INFO  - jmeter.threads.JMeterThread: Thread started: 线程组 1-491 
2014/03/07 17:18:50 INFO  - jmeter.threads.JMeterThread: Thread started: 线程组 1-500 
2014/03/07 17:18:50 INFO  - jmeter.threads.JMeterThread: Thread started: 线程组 1-499 
2014/03/07 17:18:50 INFO  - jmeter.threads.JMeterThread: Thread started: 线程组 1-498 
2014/03/07 17:19:14 INFO  - jmeter.threads.JMeterThread: Thread finished: 线程组 1-124 
2014/03/07 17:19:14 INFO  - jmeter.threads.JMeterThread: Thread finished: 线程组 1-161 
2014/03/07 17:19:18 INFO  - jmeter.threads.JMeterThread: Thread finished: 线程组 1-239 
2014/03/07 17:19:18 INFO  - jmeter.threads.JMeterThread: Thread finished: 线程组 1-145 
2014/03/07 17:19:19 INFO  - jmeter.threads.JMeterThread: Thread finished: 线程组 1-167 
2014/03/07 17:19:20 INFO  - jmeter.threads.JMeterThread: Thread finished: 线程组 1-6 
2014/03/07 17:19:21 INFO  - jmeter.threads.JMeterThread: Thread finished: 线程组 1-116 
2014/03/07 17:19:21 INFO  - jmeter.threads.JMeterThread: Thread finished: 线程组 1-206 
2014/03/07 17:19:21 INFO  - jmeter.threads.JMeterThread: Thread finished: 线程组 1-328 
2014/03/07 17:19:21 INFO  - jmeter.threads.JMeterThread: Thread finished: 线程组 1-224 
2014/03/07 17:19:22 INFO  - jmeter.threads.JMeterThread: Thread finished: 线程组 1-260 
2014/03/07 17:19:22 INFO  - jmeter.threads.JMeterThread: Thread finished: 线程组 1-300 
2014/03/07 17:19:22 INFO  - jmeter.threads.JMeterThread: Thread finished: 线程组 1-19 
2014/03/07 17:19:22 INFO  - jmeter.threads.JMeterThread: Thread finished: 线程组 1-10 
2014/03/07 17:19:23 INFO  - jmeter.threads.JMeterThread: Thread finished: 线程组 1-310 
2014/03/07 17:19:23 INFO  - jmeter.threads.JMeterThread: Thread finished: 线程组 1-144 
2014/03/07 17:19:23 INFO  - jmeter.threads.JMeterThread: Thread finished: 线程组 1-235 
2014/03/07 17:19:23 INFO  - jmeter.threads.JMeterThread: Thread finished: 线程组 1-321 
2014/03/07 17:19:23 INFO  - jmeter.threads.JMeterThread: Thread finished: 线程组 1-66 
2014/03/07 17:19:23 INFO  - jmeter.threads.JMeterThread: Thread finished: 线程组 1-139 
2014/03/07 17:19:24 INFO  - jmeter.threads.JMeterThread: Thread finished: 线程组 1-96 
2014/03/07 17:19:24 INFO  - jmeter.threads.JMeterThread: Thread finished: 线程组 1-53 
2014/03/07 17:19:24 INFO  - jmeter.threads.JMeterThread: Thread finished: 线程组 1-217 
2014/03/07 17:19:24 INFO  - jmeter.threads.JMeterThread: Thread finished: 线程组 1-44 
2014/03/07 17:19:24 INFO  - jmeter.threads.JMeterThread: Thread finished: 线程组 1-314 
2014/03/07 17:19:25 INFO  - jmeter.threads.JMeterThread: Thread finished: 线程组 1-316 
2014/03/07 17:19:25 INFO  - jmeter.threads.JMeterThread: Thread finished: 线程组 1-323 
2014/03/07 17:19:25 INFO  - jmeter.threads.JMeterThread: Thread finished: 线程组 1-301 
2014/03/07 17:19:25 INFO  - jmeter.threads.JMeterThread: Thread finished: 线程组 1-81 
2014/03/07 17:19:25 INFO  - jmeter.threads.JMeterThread: Thread finished: 线程组 1-344 
2014/03/07 17:19:25 INFO  - jmeter.threads.JMeterThread: Thread finished: 线程组 1-207 
2014/03/07 17:19:25 INFO  - jmeter.threads.JMeterThread: Thread finished: 线程组 1-47 
2014/03/07 17:19:25 INFO  - jmeter.threads.JMeterThread: Thread finished: 线程组 1-27 
2014/03/07 17:19:25 INFO  - jmeter.threads.JMeterThread: Thread finished: 线程组 1-349 
2014/03/07 17:19:25 INFO  - jmeter.threads.JMeterThread: Thread finished: 线程组 1-198 
2014/03/07 17:19:26 INFO  - jmeter.threads.JMeterThread: Thread finished: 线程组 1-333 
2014/03/07 17:19:26 INFO  - jmeter.threads.JMeterThread: Thread finished: 线程组 1-324 
2014/03/07 17:19:26 INFO  - jmeter.threads.JMeterThread: Thread finished: 线程组 1-25 
2014/03/07 17:19:26 INFO  - jmeter.threads.JMeterThread: Thread finished: 线程组 1-255 
2014/03/07 17:19:26 INFO  - jmeter.threads.JMeterThread: Thread finished: 线程组 1-174 
2014/03/07 17:19:26 INFO  - jmeter.threads.JMeterThread: Thread finished: 线程组 1-284 
2014/03/07 17:19:26 INFO  - jmeter.threads.JMeterThread: Thread finished: 线程组 1-166 
2014/03/07 17:19:26 INFO  - jmeter.threads.JMeterThread: Thread finished: 线程组 1-75 
2014/03/07 17:19:26 INFO  - jmeter.threads.JMeterThread: Thread finished: 线程组 1-104 
2014/03/07 17:19:26 INFO  - jmeter.threads.JMeterThread: Thread finished: 线程组 1-271 
2014/03/07 17:19:26 INFO  - jmeter.threads.JMeterThread: Thread finished: 线程组 1-332 
2014/03/07 17:19:26 INFO  - jmeter.threads.JMeterThread: Thread finished: 线程组 1-127 
2014/03/07 17:19:27 INFO  - jmeter.threads.JMeterThread: Thread finished: 线程组 1-82 
2014/03/07 17:19:27 INFO  - jmeter.threads.JMeterThread: Thread finished: 线程组 1-212 
2014/03/07 17:19:27 INFO  - jmeter.threads.JMeterThread: Thread finished: 线程组 1-229 
2014/03/07 17:19:27 INFO  - jmeter.threads.JMeterThread: Thread finished: 线程组 1-14 
2014/03/07 17:19:27 INFO  - jmeter.threads.JMeterThread: Thread finished: 线程组 1-179 
2014/03/07 17:19:28 INFO  - jmeter.threads.JMeterThread: Thread finished: 线程组 1-168 
2014/03/07 17:19:28 INFO  - jmeter.threads.JMeterThread: Thread finished: 线程组 1-376 
2014/03/07 17:19:28 INFO  - jmeter.threads.JMeterThread: Thread finished: 线程组 1-330 
2014/03/07 17:19:28 INFO  - jmeter.threads.JMeterThread: Thread finished: 线程组 1-34 
2014/03/07 17:19:28 INFO  - jmeter.threads.JMeterThread: Thread finished: 线程组 1-254 
2014/03/07 17:19:28 INFO  - jmeter.threads.JMeterThread: Thread finished: 线程组 1-189 
2014/03/07 17:19:28 INFO  - jmeter.threads.JMeterThread: Thread finished: 线程组 1-74 
2014/03/07 17:19:28 INFO  - jmeter.threads.JMeterThread: Thread finished: 线程组 1-121 
2014/03/07 17:19:28 INFO  - jmeter.threads.JMeterThread: Thread finished: 线程组 1-175 
2014/03/07 17:19:28 INFO  - jmeter.threads.JMeterThread: Thread finished: 线程组 1-130 
2014/03/07 17:19:28 INFO  - jmeter.threads.JMeterThread: Thread finished: 线程组 1-238 
2014/03/07 17:19:28 INFO  - jmeter.threads.JMeterThread: Thread finished: 线程组 1-41 
2014/03/07 17:19:28 INFO  - jmeter.threads.JMeterThread: Thread finished: 线程组 1-307 
2014/03/07 17:19:28 INFO  - jmeter.threads.JMeterThread: Thread finished: 线程组 1-222 
2014/03/07 17:19:28 INFO  - jmeter.threads.JMeterThread: Thread finished: 线程组 1-250 
2014/03/07 17:19:28 INFO  - jmeter.threads.JMeterThread: Thread finished: 线程组 1-267 
2014/03/07 17:19:28 INFO  - jmeter.threads.JMeterThread: Thread finished: 线程组 1-191 
2014/03/07 17:19:28 INFO  - jmeter.threads.JMeterThread: Thread finished: 线程组 1-59 
2014/03/07 17:19:28 INFO  - jmeter.threads.JMeterThread: Thread finished: 线程组 1-109 
2014/03/07 17:19:28 INFO  - jmeter.threads.JMeterThread: Thread finished: 线程组 1-365 
2014/03/07 17:19:28 INFO  - jmeter.threads.JMeterThread: Thread finished: 线程组 1-295 
2014/03/07 17:19:28 INFO  - jmeter.threads.JMeterThread: Thread finished: 线程组 1-276 
2014/03/07 17:19:28 INFO  - jmeter.threads.JMeterThread: Thread finished: 线程组 1-16 
2014/03/07 17:19:29 INFO  - jmeter.threads.JMeterThread: Thread finished: 线程组 1-216 
2014/03/07 17:19:29 INFO  - jmeter.threads.JMeterThread: Thread finished: 线程组 1-17 
2014/03/07 17:19:29 INFO  - jmeter.threads.JMeterThread: Thread finished: 线程组 1-18 
2014/03/07 17:19:29 INFO  - jmeter.threads.JMeterThread: Thread finished: 线程组 1-246 
2014/03/07 17:19:29 INFO  - jmeter.threads.JMeterThread: Thread finished: 线程组 1-150 
2014/03/07 17:19:29 INFO  - jmeter.threads.JMeterThread: Thread finished: 线程组 1-49 
2014/03/07 17:19:29 INFO  - jmeter.threads.JMeterThread: Thread finished: 线程组 1-48 
2014/03/07 17:19:29 INFO  - jmeter.threads.JMeterThread: Thread finished: 线程组 1-240 
2014/03/07 17:19:29 INFO  - jmeter.threads.JMeterThread: Thread finished: 线程组 1-153 
2014/03/07 17:19:29 INFO  - jmeter.threads.JMeterThread: Thread finished: 线程组 1-142 
2014/03/07 17:19:29 INFO  - jmeter.threads.JMeterThread: Thread finished: 线程组 1-26 
2014/03/07 17:19:29 INFO  - jmeter.threads.JMeterThread: Thread finished: 线程组 1-262 
2014/03/07 17:19:29 INFO  - jmeter.threads.JMeterThread: Thread finished: 线程组 1-72 
2014/03/07 17:19:29 INFO  - jmeter.threads.JMeterThread: Thread finished: 线程组 1-247 
2014/03/07 17:19:29 INFO  - jmeter.threads.JMeterThread: Thread finished: 线程组 1-193 
2014/03/07 17:19:29 INFO  - jmeter.threads.JMeterThread: Thread finished: 线程组 1-120 
2014/03/07 17:19:29 INFO  - jmeter.threads.JMeterThread: Thread finished: 线程组 1-36 
2014/03/07 17:19:29 INFO  - jmeter.threads.JMeterThread: Thread finished: 线程组 1-118 
2014/03/07 17:19:29 INFO  - jmeter.threads.JMeterThread: Thread finished: 线程组 1-199 
2014/03/07 17:19:29 INFO  - jmeter.threads.JMeterThread: Thread finished: 线程组 1-154 
2014/03/07 17:19:29 INFO  - jmeter.threads.JMeterThread: Thread finished: 线程组 1-119 
2014/03/07 17:19:29 INFO  - jmeter.threads.JMeterThread: Thread finished: 线程组 1-7 
2014/03/07 17:19:29 INFO  - jmeter.threads.JMeterThread: Thread finished: 线程组 1-140 
2014/03/07 17:19:29 INFO  - jmeter.threads.JMeterThread: Thread finished: 线程组 1-187 
2014/03/07 17:19:29 INFO  - jmeter.threads.JMeterThread: Thread finished: 线程组 1-230 
2014/03/07 17:19:29 INFO  - jmeter.threads.JMeterThread: Thread finished: 线程组 1-56 
2014/03/07 17:19:29 INFO  - jmeter.threads.JMeterThread: Thread finished: 线程组 1-78 
2014/03/07 17:19:29 INFO  - jmeter.threads.JMeterThread: Thread finished: 线程组 1-62 
2014/03/07 17:19:29 INFO  - jmeter.threads.JMeterThread: Thread finished: 线程组 1-149 
2014/03/07 17:19:29 INFO  - jmeter.threads.JMeterThread: Thread finished: 线程组 1-156 
2014/03/07 17:19:29 INFO  - jmeter.threads.JMeterThread: Thread finished: 线程组 1-306 
2014/03/07 17:19:29 INFO  - jmeter.threads.JMeterThread: Thread finished: 线程组 1-89 
2014/03/07 17:19:29 INFO  - jmeter.threads.JMeterThread: Thread finished: 线程组 1-57 
2014/03/07 17:19:29 INFO  - jmeter.threads.JMeterThread: Thread finished: 线程组 1-151 
2014/03/07 17:19:29 INFO  - jmeter.threads.JMeterThread: Thread finished: 线程组 1-63 
2014/03/07 17:19:29 INFO  - jmeter.threads.JMeterThread: Thread finished: 线程组 1-106 
2014/03/07 17:19:29 INFO  - jmeter.threads.JMeterThread: Thread finished: 线程组 1-134 
2014/03/07 17:19:29 INFO  - jmeter.threads.JMeterThread: Thread finished: 线程组 1-39 
2014/03/07 17:19:29 INFO  - jmeter.threads.JMeterThread: Thread finished: 线程组 1-101 
2014/03/07 17:19:29 INFO  - jmeter.threads.JMeterThread: Thread finished: 线程组 1-221 
2014/03/07 17:19:29 INFO  - jmeter.threads.JMeterThread: Thread finished: 线程组 1-299 
2014/03/07 17:19:29 INFO  - jmeter.threads.JMeterThread: Thread finished: 线程组 1-79 
2014/03/07 17:19:29 INFO  - jmeter.threads.JMeterThread: Thread finished: 线程组 1-5 
2014/03/07 17:19:29 INFO  - jmeter.threads.JMeterThread: Thread finished: 线程组 1-173 
2014/03/07 17:19:29 INFO  - jmeter.threads.JMeterThread: Thread finished: 线程组 1-143 
2014/03/07 17:19:29 INFO  - jmeter.threads.JMeterThread: Thread finished: 线程组 1-15 
2014/03/07 17:19:29 INFO  - jmeter.threads.JMeterThread: Thread finished: 线程组 1-61 
2014/03/07 17:19:29 INFO  - jmeter.threads.JMeterThread: Thread finished: 线程组 1-429 
2014/03/07 17:19:29 INFO  - jmeter.threads.JMeterThread: Thread finished: 线程组 1-94 
2014/03/07 17:19:29 INFO  - jmeter.threads.JMeterThread: Thread finished: 线程组 1-40 
2014/03/07 17:19:29 INFO  - jmeter.threads.JMeterThread: Thread finished: 线程组 1-54 
2014/03/07 17:19:29 INFO  - jmeter.threads.JMeterThread: Thread finished: 线程组 1-21 
2014/03/07 17:19:29 INFO  - jmeter.threads.JMeterThread: Thread finished: 线程组 1-214 
2014/03/07 17:19:29 INFO  - jmeter.threads.JMeterThread: Thread finished: 线程组 1-477 
2014/03/07 17:19:29 INFO  - jmeter.threads.JMeterThread: Thread finished: 线程组 1-148 
2014/03/07 17:19:29 INFO  - jmeter.threads.JMeterThread: Thread finished: 线程组 1-146 
2014/03/07 17:19:29 INFO  - jmeter.threads.JMeterThread: Thread finished: 线程组 1-211 
2014/03/07 17:19:29 INFO  - jmeter.threads.JMeterThread: Thread finished: 线程组 1-245 
2014/03/07 17:19:29 INFO  - jmeter.threads.JMeterThread: Thread finished: 线程组 1-171 
2014/03/07 17:19:29 INFO  - jmeter.threads.JMeterThread: Thread finished: 线程组 1-141 
2014/03/07 17:19:29 INFO  - jmeter.threads.JMeterThread: Thread finished: 线程组 1-312 
2014/03/07 17:19:29 INFO  - jmeter.threads.JMeterThread: Thread finished: 线程组 1-23 
2014/03/07 17:19:29 INFO  - jmeter.threads.JMeterThread: Thread finished: 线程组 1-225 
2014/03/07 17:19:29 INFO  - jmeter.threads.JMeterThread: Thread finished: 线程组 1-158 
2014/03/07 17:19:29 INFO  - jmeter.threads.JMeterThread: Thread finished: 线程组 1-38 
2014/03/07 17:19:29 INFO  - jmeter.threads.JMeterThread: Thread finished: 线程组 1-33 
2014/03/07 17:19:29 INFO  - jmeter.threads.JMeterThread: Thread finished: 线程组 1-233 
2014/03/07 17:19:29 INFO  - jmeter.threads.JMeterThread: Thread finished: 线程组 1-309 
2014/03/07 17:19:29 INFO  - jmeter.threads.JMeterThread: Thread finished: 线程组 1-164 
2014/03/07 17:19:29 INFO  - jmeter.threads.JMeterThread: Thread finished: 线程组 1-128 
2014/03/07 17:19:29 INFO  - jmeter.threads.JMeterThread: Thread finished: 线程组 1-157 
2014/03/07 17:19:29 INFO  - jmeter.threads.JMeterThread: Thread finished: 线程组 1-155 
2014/03/07 17:19:29 INFO  - jmeter.threads.JMeterThread: Thread finished: 线程组 1-105 
2014/03/07 17:19:29 INFO  - jmeter.threads.JMeterThread: Thread finished: 线程组 1-126 
2014/03/07 17:19:29 INFO  - jmeter.threads.JMeterThread: Thread finished: 线程组 1-208 
2014/03/07 17:19:29 INFO  - jmeter.threads.JMeterThread: Thread finished: 线程组 1-42 
2014/03/07 17:19:29 INFO  - jmeter.threads.JMeterThread: Thread finished: 线程组 1-180 
2014/03/07 17:19:29 INFO  - jmeter.threads.JMeterThread: Thread finished: 线程组 1-84 
2014/03/07 17:19:29 INFO  - jmeter.threads.JMeterThread: Thread finished: 线程组 1-30 
2014/03/07 17:19:29 INFO  - jmeter.threads.JMeterThread: Thread finished: 线程组 1-50 
2014/03/07 17:19:29 INFO  - jmeter.threads.JMeterThread: Thread finished: 线程组 1-51 
2014/03/07 17:19:29 INFO  - jmeter.threads.JMeterThread: Thread finished: 线程组 1-70 
2014/03/07 17:19:29 INFO  - jmeter.threads.JMeterThread: Thread finished: 线程组 1-71 
2014/03/07 17:19:29 INFO  - jmeter.threads.JMeterThread: Thread finished: 线程组 1-52 
2014/03/07 17:19:29 INFO  - jmeter.threads.JMeterThread: Thread finished: 线程组 1-31 
2014/03/07 17:19:29 INFO  - jmeter.threads.JMeterThread: Thread finished: 线程组 1-248 
2014/03/07 17:19:29 INFO  - jmeter.threads.JMeterThread: Thread finished: 线程组 1-163 
2014/03/07 17:19:29 INFO  - jmeter.threads.JMeterThread: Thread finished: 线程组 1-110 
2014/03/07 17:19:29 INFO  - jmeter.threads.JMeterThread: Thread finished: 线程组 1-67 
2014/03/07 17:19:29 INFO  - jmeter.threads.JMeterThread: Thread finished: 线程组 1-313 
2014/03/07 17:19:29 INFO  - jmeter.threads.JMeterThread: Thread finished: 线程组 1-68 
2014/03/07 17:19:29 INFO  - jmeter.threads.JMeterThread: Thread finished: 线程组 1-111 
2014/03/07 17:19:29 INFO  - jmeter.threads.JMeterThread: Thread finished: 线程组 1-242 
2014/03/07 17:19:29 INFO  - jmeter.threads.JMeterThread: Thread finished: 线程组 1-259 
2014/03/07 17:19:29 INFO  - jmeter.threads.JMeterThread: Thread finished: 线程组 1-8 
2014/03/07 17:19:29 INFO  - jmeter.threads.JMeterThread: Thread finished: 线程组 1-13 
2014/03/07 17:19:29 INFO  - jmeter.threads.JMeterThread: Thread finished: 线程组 1-60 
2014/03/07 17:19:29 INFO  - jmeter.threads.JMeterThread: Thread finished: 线程组 1-192 
2014/03/07 17:19:29 INFO  - jmeter.threads.JMeterThread: Thread finished: 线程组 1-83 
2014/03/07 17:19:29 INFO  - jmeter.threads.JMeterThread: Thread finished: 线程组 1-107 
2014/03/07 17:19:29 INFO  - jmeter.threads.JMeterThread: Thread finished: 线程组 1-117 
2014/03/07 17:19:29 INFO  - jmeter.threads.JMeterThread: Thread finished: 线程组 1-297 
2014/03/07 17:19:29 INFO  - jmeter.threads.JMeterThread: Thread finished: 线程组 1-129 
2014/03/07 17:19:29 INFO  - jmeter.threads.JMeterThread: Thread finished: 线程组 1-85 
2014/03/07 17:19:29 INFO  - jmeter.threads.JMeterThread: Thread finished: 线程组 1-304 
2014/03/07 17:19:29 INFO  - jmeter.threads.JMeterThread: Thread finished: 线程组 1-281 
2014/03/07 17:19:29 INFO  - jmeter.threads.JMeterThread: Thread finished: 线程组 1-278 
2014/03/07 17:19:29 INFO  - jmeter.threads.JMeterThread: Thread finished: 线程组 1-249 
2014/03/07 17:19:29 INFO  - jmeter.threads.JMeterThread: Thread finished: 线程组 1-293 
2014/03/07 17:19:29 INFO  - jmeter.threads.JMeterThread: Thread finished: 线程组 1-170 
2014/03/07 17:19:29 INFO  - jmeter.threads.JMeterThread: Thread finished: 线程组 1-137 
2014/03/07 17:19:29 INFO  - jmeter.threads.JMeterThread: Thread finished: 线程组 1-298 
2014/03/07 17:19:29 INFO  - jmeter.threads.JMeterThread: Thread finished: 线程组 1-294 
2014/03/07 17:19:29 INFO  - jmeter.threads.JMeterThread: Thread finished: 线程组 1-273 
2014/03/07 17:19:29 INFO  - jmeter.threads.JMeterThread: Thread finished: 线程组 1-177 
2014/03/07 17:19:29 INFO  - jmeter.threads.JMeterThread: Thread finished: 线程组 1-95 
2014/03/07 17:19:29 INFO  - jmeter.threads.JMeterThread: Thread finished: 线程组 1-219 
2014/03/07 17:19:29 INFO  - jmeter.threads.JMeterThread: Thread finished: 线程组 1-257 
2014/03/07 17:19:29 INFO  - jmeter.threads.JMeterThread: Thread finished: 线程组 1-237 
2014/03/07 17:19:29 INFO  - jmeter.threads.JMeterThread: Thread finished: 线程组 1-258 
2014/03/07 17:19:29 INFO  - jmeter.threads.JMeterThread: Thread finished: 线程组 1-283 
2014/03/07 17:19:29 INFO  - jmeter.threads.JMeterThread: Thread finished: 线程组 1-46 
2014/03/07 17:19:29 INFO  - jmeter.threads.JMeterThread: Thread finished: 线程组 1-303 
2014/03/07 17:19:29 INFO  - jmeter.threads.JMeterThread: Thread finished: 线程组 1-114 
2014/03/07 17:19:29 INFO  - jmeter.threads.JMeterThread: Thread finished: 线程组 1-277 
2014/03/07 17:19:29 INFO  - jmeter.threads.JMeterThread: Thread finished: 线程组 1-4 
2014/03/07 17:19:29 INFO  - jmeter.threads.JMeterThread: Thread finished: 线程组 1-203 
2014/03/07 17:19:29 INFO  - jmeter.threads.JMeterThread: Thread finished: 线程组 1-282 
2014/03/07 17:19:29 INFO  - jmeter.threads.JMeterThread: Thread finished: 线程组 1-76 
2014/03/07 17:19:29 INFO  - jmeter.threads.JMeterThread: Thread finished: 线程组 1-296 
2014/03/07 17:19:29 INFO  - jmeter.threads.JMeterThread: Thread finished: 线程组 1-12 
2014/03/07 17:19:29 INFO  - jmeter.threads.JMeterThread: Thread finished: 线程组 1-261 
2014/03/07 17:19:29 INFO  - jmeter.threads.JMeterThread: Thread finished: 线程组 1-322 
2014/03/07 17:19:29 INFO  - jmeter.threads.JMeterThread: Thread finished: 线程组 1-325 
2014/03/07 17:19:29 INFO  - jmeter.threads.JMeterThread: Thread finished: 线程组 1-329 
2014/03/07 17:19:29 INFO  - jmeter.threads.JMeterThread: Thread finished: 线程组 1-338 
2014/03/07 17:19:29 INFO  - jmeter.threads.JMeterThread: Thread finished: 线程组 1-348 
2014/03/07 17:19:29 INFO  - jmeter.threads.JMeterThread: Thread finished: 线程组 1-352 
2014/03/07 17:19:29 INFO  - jmeter.threads.JMeterThread: Thread finished: 线程组 1-125 
2014/03/07 17:19:29 INFO  - jmeter.threads.JMeterThread: Thread finished: 线程组 1-345 
2014/03/07 17:19:29 INFO  - jmeter.threads.JMeterThread: Thread finished: 线程组 1-115 
2014/03/07 17:19:29 INFO  - jmeter.threads.JMeterThread: Thread finished: 线程组 1-263 
2014/03/07 17:19:29 INFO  - jmeter.threads.JMeterThread: Thread finished: 线程组 1-152 
2014/03/07 17:19:29 INFO  - jmeter.threads.JMeterThread: Thread finished: 线程组 1-318 
2014/03/07 17:19:29 INFO  - jmeter.threads.JMeterThread: Thread finished: 线程组 1-3 
2014/03/07 17:19:29 INFO  - jmeter.threads.JMeterThread: Thread finished: 线程组 1-274 
2014/03/07 17:19:29 INFO  - jmeter.threads.JMeterThread: Thread finished: 线程组 1-289 
2014/03/07 17:19:29 INFO  - jmeter.threads.JMeterThread: Thread finished: 线程组 1-347 
2014/03/07 17:19:29 INFO  - jmeter.threads.JMeterThread: Thread finished: 线程组 1-279 
2014/03/07 17:19:29 INFO  - jmeter.threads.JMeterThread: Thread finished: 线程组 1-200 
2014/03/07 17:19:29 INFO  - jmeter.threads.JMeterThread: Thread finished: 线程组 1-319 
2014/03/07 17:19:29 INFO  - jmeter.threads.JMeterThread: Thread finished: 线程组 1-305 
2014/03/07 17:19:29 INFO  - jmeter.threads.JMeterThread: Thread finished: 线程组 1-331 
2014/03/07 17:19:29 INFO  - jmeter.threads.JMeterThread: Thread finished: 线程组 1-265 
2014/03/07 17:19:29 INFO  - jmeter.threads.JMeterThread: Thread finished: 线程组 1-311 
2014/03/07 17:19:29 INFO  - jmeter.threads.JMeterThread: Thread finished: 线程组 1-288 
2014/03/07 17:19:29 INFO  - jmeter.threads.JMeterThread: Thread finished: 线程组 1-317 
2014/03/07 17:19:29 INFO  - jmeter.threads.JMeterThread: Thread finished: 线程组 1-256 
2014/03/07 17:19:29 INFO  - jmeter.threads.JMeterThread: Thread finished: 线程组 1-231 
2014/03/07 17:19:29 INFO  - jmeter.threads.JMeterThread: Thread finished: 线程组 1-320 
2014/03/07 17:19:29 INFO  - jmeter.threads.JMeterThread: Thread finished: 线程组 1-339 
2014/03/07 17:19:29 INFO  - jmeter.threads.JMeterThread: Thread finished: 线程组 1-337 
2014/03/07 17:19:29 INFO  - jmeter.threads.JMeterThread: Thread finished: 线程组 1-162 
2014/03/07 17:19:29 INFO  - jmeter.threads.JMeterThread: Thread finished: 线程组 1-138 
2014/03/07 17:19:29 INFO  - jmeter.threads.JMeterThread: Thread finished: 线程组 1-209 
2014/03/07 17:19:29 INFO  - jmeter.threads.JMeterThread: Thread finished: 线程组 1-326 
2014/03/07 17:19:29 INFO  - jmeter.threads.JMeterThread: Thread finished: 线程组 1-253 
2014/03/07 17:19:29 INFO  - jmeter.threads.JMeterThread: Thread finished: 线程组 1-343 
2014/03/07 17:19:29 INFO  - jmeter.threads.JMeterThread: Thread finished: 线程组 1-136 
2014/03/07 17:19:29 INFO  - jmeter.threads.JMeterThread: Thread finished: 线程组 1-280 
2014/03/07 17:19:29 INFO  - jmeter.threads.JMeterThread: Thread finished: 线程组 1-251 
2014/03/07 17:19:29 INFO  - jmeter.threads.JMeterThread: Thread finished: 线程组 1-92 
2014/03/07 17:19:29 INFO  - jmeter.threads.JMeterThread: Thread finished: 线程组 1-102 
2014/03/07 17:19:29 INFO  - jmeter.threads.JMeterThread: Thread finished: 线程组 1-131 
2014/03/07 17:19:29 INFO  - jmeter.threads.JMeterThread: Thread finished: 线程组 1-275 
2014/03/07 17:19:29 INFO  - jmeter.threads.JMeterThread: Thread finished: 线程组 1-269 
2014/03/07 17:19:29 INFO  - jmeter.threads.JMeterThread: Thread finished: 线程组 1-302 
2014/03/07 17:19:29 INFO  - jmeter.threads.JMeterThread: Thread finished: 线程组 1-252 
2014/03/07 17:19:29 INFO  - jmeter.threads.JMeterThread: Thread finished: 线程组 1-272 
2014/03/07 17:19:29 INFO  - jmeter.threads.JMeterThread: Thread finished: 线程组 1-268 
2014/03/07 17:19:29 INFO  - jmeter.threads.JMeterThread: Thread finished: 线程组 1-290 
2014/03/07 17:19:29 INFO  - jmeter.threads.JMeterThread: Thread finished: 线程组 1-220 
2014/03/07 17:19:29 INFO  - jmeter.threads.JMeterThread: Thread finished: 线程组 1-327 
2014/03/07 17:19:29 INFO  - jmeter.threads.JMeterThread: Thread finished: 线程组 1-335 
2014/03/07 17:19:29 INFO  - jmeter.threads.JMeterThread: Thread finished: 线程组 1-336 
2014/03/07 17:19:29 INFO  - jmeter.threads.JMeterThread: Thread finished: 线程组 1-334 
2014/03/07 17:19:29 INFO  - jmeter.threads.JMeterThread: Thread finished: 线程组 1-196 
2014/03/07 17:19:29 INFO  - jmeter.threads.JMeterThread: Thread finished: 线程组 1-32 
2014/03/07 17:19:29 INFO  - jmeter.threads.JMeterThread: Thread finished: 线程组 1-340 
2014/03/07 17:19:29 INFO  - jmeter.threads.JMeterThread: Thread finished: 线程组 1-341 
2014/03/07 17:19:29 INFO  - jmeter.threads.JMeterThread: Thread finished: 线程组 1-87 
2014/03/07 17:19:29 INFO  - jmeter.threads.JMeterThread: Thread finished: 线程组 1-346 
2014/03/07 17:19:29 INFO  - jmeter.threads.JMeterThread: Thread finished: 线程组 1-366 
2014/03/07 17:19:29 INFO  - jmeter.threads.JMeterThread: Thread finished: 线程组 1-364 
2014/03/07 17:19:29 INFO  - jmeter.threads.JMeterThread: Thread finished: 线程组 1-358 
2014/03/07 17:19:29 INFO  - jmeter.threads.JMeterThread: Thread finished: 线程组 1-357 
2014/03/07 17:19:29 INFO  - jmeter.threads.JMeterThread: Thread finished: 线程组 1-356 
2014/03/07 17:19:29 INFO  - jmeter.threads.JMeterThread: Thread finished: 线程组 1-367 
2014/03/07 17:19:29 INFO  - jmeter.threads.JMeterThread: Thread finished: 线程组 1-363 
2014/03/07 17:19:29 INFO  - jmeter.threads.JMeterThread: Thread finished: 线程组 1-378 
2014/03/07 17:19:29 INFO  - jmeter.threads.JMeterThread: Thread finished: 线程组 1-379 
2014/03/07 17:19:29 INFO  - jmeter.threads.JMeterThread: Thread finished: 线程组 1-380 
2014/03/07 17:19:29 INFO  - jmeter.threads.JMeterThread: Thread finished: 线程组 1-377 
2014/03/07 17:19:29 INFO  - jmeter.threads.JMeterThread: Thread finished: 线程组 1-370 
2014/03/07 17:19:29 INFO  - jmeter.threads.JMeterThread: Thread finished: 线程组 1-388 
2014/03/07 17:19:29 INFO  - jmeter.threads.JMeterThread: Thread finished: 线程组 1-387 
2014/03/07 17:19:29 INFO  - jmeter.threads.JMeterThread: Thread finished: 线程组 1-386 
2014/03/07 17:19:29 INFO  - jmeter.threads.JMeterThread: Thread finished: 线程组 1-389 
2014/03/07 17:19:29 INFO  - jmeter.threads.JMeterThread: Thread finished: 线程组 1-369 
2014/03/07 17:19:29 INFO  - jmeter.threads.JMeterThread: Thread finished: 线程组 1-390 
2014/03/07 17:19:29 INFO  - jmeter.threads.JMeterThread: Thread finished: 线程组 1-392 
2014/03/07 17:19:29 INFO  - jmeter.threads.JMeterThread: Thread finished: 线程组 1-393 
2014/03/07 17:19:29 INFO  - jmeter.threads.JMeterThread: Thread finished: 线程组 1-467 
2014/03/07 17:19:29 INFO  - jmeter.threads.JMeterThread: Thread finished: 线程组 1-469 
2014/03/07 17:19:29 INFO  - jmeter.threads.JMeterThread: Thread finished: 线程组 1-471 
2014/03/07 17:19:29 INFO  - jmeter.threads.JMeterThread: Thread finished: 线程组 1-474 
2014/03/07 17:19:29 INFO  - jmeter.threads.JMeterThread: Thread finished: 线程组 1-368 
2014/03/07 17:19:29 INFO  - jmeter.threads.JMeterThread: Thread finished: 线程组 1-432 
2014/03/07 17:19:29 INFO  - jmeter.threads.JMeterThread: Thread finished: 线程组 1-424 
2014/03/07 17:19:29 INFO  - jmeter.threads.JMeterThread: Thread finished: 线程组 1-418 
2014/03/07 17:19:29 INFO  - jmeter.threads.JMeterThread: Thread finished: 线程组 1-413 
2014/03/07 17:19:29 INFO  - jmeter.threads.JMeterThread: Thread finished: 线程组 1-491 
2014/03/07 17:19:29 INFO  - jmeter.threads.JMeterThread: Thread finished: 线程组 1-425 
2014/03/07 17:19:29 INFO  - jmeter.threads.JMeterThread: Thread finished: 线程组 1-500 
2014/03/07 17:19:29 INFO  - jmeter.threads.JMeterThread: Thread finished: 线程组 1-422 
2014/03/07 17:19:29 INFO  - jmeter.threads.JMeterThread: Thread finished: 线程组 1-463 
2014/03/07 17:19:29 INFO  - jmeter.threads.JMeterThread: Thread finished: 线程组 1-458 
2014/03/07 17:19:29 INFO  - jmeter.threads.JMeterThread: Thread finished: 线程组 1-461 
2014/03/07 17:19:29 INFO  - jmeter.threads.JMeterThread: Thread finished: 线程组 1-493 
2014/03/07 17:19:29 INFO  - jmeter.threads.JMeterThread: Thread finished: 线程组 1-98 
2014/03/07 17:19:29 INFO  - jmeter.threads.JMeterThread: Thread finished: 线程组 1-86 
2014/03/07 17:19:29 INFO  - jmeter.threads.JMeterThread: Thread finished: 线程组 1-73 
2014/03/07 17:19:29 INFO  - jmeter.threads.JMeterThread: Thread finished: 线程组 1-243 
2014/03/07 17:19:29 INFO  - jmeter.threads.JMeterThread: Thread finished: 线程组 1-190 
2014/03/07 17:19:29 INFO  - jmeter.threads.JMeterThread: Thread finished: 线程组 1-465 
2014/03/07 17:19:29 INFO  - jmeter.threads.JMeterThread: Thread finished: 线程组 1-234 
2014/03/07 17:19:29 INFO  - jmeter.threads.JMeterThread: Thread finished: 线程组 1-176 
2014/03/07 17:19:29 INFO  - jmeter.threads.JMeterThread: Thread finished: 线程组 1-69 
2014/03/07 17:19:29 INFO  - jmeter.threads.JMeterThread: Thread finished: 线程组 1-195 
2014/03/07 17:19:29 INFO  - jmeter.threads.JMeterThread: Thread finished: 线程组 1-215 
2014/03/07 17:19:29 INFO  - jmeter.threads.JMeterThread: Thread finished: 线程组 1-135 
2014/03/07 17:19:29 INFO  - jmeter.threads.JMeterThread: Thread finished: 线程组 1-287 
2014/03/07 17:19:29 INFO  - jmeter.threads.JMeterThread: Thread finished: 线程组 1-112 
2014/03/07 17:19:29 INFO  - jmeter.threads.JMeterThread: Thread finished: 线程组 1-197 
2014/03/07 17:19:29 INFO  - jmeter.threads.JMeterThread: Thread finished: 线程组 1-185 
2014/03/07 17:19:29 INFO  - jmeter.threads.JMeterThread: Thread finished: 线程组 1-372 
2014/03/07 17:19:29 INFO  - jmeter.threads.JMeterThread: Thread finished: 线程组 1-244 
2014/03/07 17:19:29 INFO  - jmeter.threads.JMeterThread: Thread finished: 线程组 1-90 
2014/03/07 17:19:29 INFO  - jmeter.threads.JMeterThread: Thread finished: 线程组 1-77 
2014/03/07 17:19:29 INFO  - jmeter.threads.JMeterThread: Thread finished: 线程组 1-2 
2014/03/07 17:19:29 INFO  - jmeter.threads.JMeterThread: Thread finished: 线程组 1-489 
2014/03/07 17:19:29 INFO  - jmeter.threads.JMeterThread: Thread finished: 线程组 1-99 
2014/03/07 17:19:29 INFO  - jmeter.threads.JMeterThread: Thread finished: 线程组 1-353 
2014/03/07 17:19:29 INFO  - jmeter.threads.JMeterThread: Thread finished: 线程组 1-488 
2014/03/07 17:19:29 INFO  - jmeter.threads.JMeterThread: Thread finished: 线程组 1-194 
2014/03/07 17:19:29 INFO  - jmeter.threads.JMeterThread: Thread finished: 线程组 1-186 
2014/03/07 17:19:29 INFO  - jmeter.threads.JMeterThread: Thread finished: 线程组 1-394 
2014/03/07 17:19:29 INFO  - jmeter.threads.JMeterThread: Thread finished: 线程组 1-468 
2014/03/07 17:19:29 INFO  - jmeter.threads.JMeterThread: Thread finished: 线程组 1-88 
2014/03/07 17:19:29 INFO  - jmeter.threads.JMeterThread: Thread finished: 线程组 1-1 
2014/03/07 17:19:29 INFO  - jmeter.threads.JMeterThread: Thread finished: 线程组 1-213 
2014/03/07 17:19:29 INFO  - jmeter.threads.JMeterThread: Thread finished: 线程组 1-410 
2014/03/07 17:19:29 INFO  - jmeter.threads.JMeterThread: Thread finished: 线程组 1-416 
2014/03/07 17:19:29 INFO  - jmeter.threads.JMeterThread: Thread finished: 线程组 1-165 
2014/03/07 17:19:29 INFO  - jmeter.threads.JMeterThread: Thread finished: 线程组 1-241 
2014/03/07 17:19:29 INFO  - jmeter.threads.JMeterThread: Thread finished: 线程组 1-411 
2014/03/07 17:19:29 INFO  - jmeter.threads.JMeterThread: Thread finished: 线程组 1-210 
2014/03/07 17:19:29 INFO  - jmeter.threads.JMeterThread: Thread finished: 线程组 1-113 
2014/03/07 17:19:29 INFO  - jmeter.threads.JMeterThread: Thread finished: 线程组 1-408 
2014/03/07 17:19:29 INFO  - jmeter.threads.JMeterThread: Thread finished: 线程组 1-160 
2014/03/07 17:19:29 INFO  - jmeter.threads.JMeterThread: Thread finished: 线程组 1-91 
2014/03/07 17:19:29 INFO  - jmeter.threads.JMeterThread: Thread finished: 线程组 1-226 
2014/03/07 17:19:29 INFO  - jmeter.threads.JMeterThread: Thread finished: 线程组 1-403 
2014/03/07 17:19:29 INFO  - jmeter.threads.JMeterThread: Thread finished: 线程组 1-169 
2014/03/07 17:19:29 INFO  - jmeter.threads.JMeterThread: Thread finished: 线程组 1-132 
2014/03/07 17:19:29 INFO  - jmeter.threads.JMeterThread: Thread finished: 线程组 1-232 
2014/03/07 17:19:29 INFO  - jmeter.threads.JMeterThread: Thread finished: 线程组 1-228 
2014/03/07 17:19:29 INFO  - jmeter.threads.JMeterThread: Thread finished: 线程组 1-402 
2014/03/07 17:19:29 INFO  - jmeter.threads.JMeterThread: Thread finished: 线程组 1-397 
2014/03/07 17:19:29 INFO  - jmeter.threads.JMeterThread: Thread finished: 线程组 1-404 
2014/03/07 17:19:29 INFO  - jmeter.threads.JMeterThread: Thread finished: 线程组 1-406 
2014/03/07 17:19:29 INFO  - jmeter.threads.JMeterThread: Thread finished: 线程组 1-37 
2014/03/07 17:19:29 INFO  - jmeter.threads.JMeterThread: Thread finished: 线程组 1-428 
2014/03/07 17:19:29 INFO  - jmeter.threads.JMeterThread: Thread finished: 线程组 1-399 
2014/03/07 17:19:29 INFO  - jmeter.threads.JMeterThread: Thread finished: 线程组 1-204 
2014/03/07 17:19:29 INFO  - jmeter.threads.JMeterThread: Thread finished: 线程组 1-421 
2014/03/07 17:19:29 INFO  - jmeter.threads.JMeterThread: Thread finished: 线程组 1-443 
2014/03/07 17:19:29 INFO  - jmeter.threads.JMeterThread: Thread finished: 线程组 1-442 
2014/03/07 17:19:29 INFO  - jmeter.threads.JMeterThread: Thread finished: 线程组 1-450 
2014/03/07 17:19:29 INFO  - jmeter.threads.JMeterThread: Thread finished: 线程组 1-453 
2014/03/07 17:19:29 INFO  - jmeter.threads.JMeterThread: Thread finished: 线程组 1-205 
2014/03/07 17:19:29 INFO  - jmeter.threads.JMeterThread: Thread finished: 线程组 1-223 
2014/03/07 17:19:29 INFO  - jmeter.threads.JMeterThread: Thread finished: 线程组 1-487 
2014/03/07 17:19:29 INFO  - jmeter.threads.JMeterThread: Thread finished: 线程组 1-455 
2014/03/07 17:19:29 INFO  - jmeter.threads.JMeterThread: Thread finished: 线程组 1-476 
2014/03/07 17:19:29 INFO  - jmeter.threads.JMeterThread: Thread finished: 线程组 1-486 
2014/03/07 17:19:29 INFO  - jmeter.threads.JMeterThread: Thread finished: 线程组 1-447 
2014/03/07 17:19:29 INFO  - jmeter.threads.JMeterThread: Thread finished: 线程组 1-478 
2014/03/07 17:19:29 INFO  - jmeter.threads.JMeterThread: Thread finished: 线程组 1-218 
2014/03/07 17:19:29 INFO  - jmeter.threads.JMeterThread: Thread finished: 线程组 1-181 
2014/03/07 17:19:29 INFO  - jmeter.threads.JMeterThread: Thread finished: 线程组 1-184 
2014/03/07 17:19:29 INFO  - jmeter.threads.JMeterThread: Thread finished: 线程组 1-29 
2014/03/07 17:19:29 INFO  - jmeter.threads.JMeterThread: Thread finished: 线程组 1-236 
2014/03/07 17:19:29 INFO  - jmeter.threads.JMeterThread: Thread finished: 线程组 1-178 
2014/03/07 17:19:29 INFO  - jmeter.threads.JMeterThread: Thread finished: 线程组 1-270 
2014/03/07 17:19:29 INFO  - jmeter.threads.JMeterThread: Thread finished: 线程组 1-266 
2014/03/07 17:19:29 INFO  - jmeter.threads.JMeterThread: Thread finished: 线程组 1-308 
2014/03/07 17:19:29 INFO  - jmeter.threads.JMeterThread: Thread finished: 线程组 1-342 
2014/03/07 17:19:29 INFO  - jmeter.threads.JMeterThread: Thread finished: 线程组 1-355 
2014/03/07 17:19:29 INFO  - jmeter.threads.JMeterThread: Thread finished: 线程组 1-438 
2014/03/07 17:19:29 INFO  - jmeter.threads.JMeterThread: Thread finished: 线程组 1-435 
2014/03/07 17:19:29 INFO  - jmeter.threads.JMeterThread: Thread finished: 线程组 1-285 
2014/03/07 17:19:29 INFO  - jmeter.threads.JMeterThread: Thread finished: 线程组 1-354 
2014/03/07 17:19:29 INFO  - jmeter.threads.JMeterThread: Thread finished: 线程组 1-351 
2014/03/07 17:19:29 INFO  - jmeter.threads.JMeterThread: Thread finished: 线程组 1-361 
2014/03/07 17:19:29 INFO  - jmeter.threads.JMeterThread: Thread finished: 线程组 1-362 
2014/03/07 17:19:29 INFO  - jmeter.threads.JMeterThread: Thread finished: 线程组 1-359 
2014/03/07 17:19:29 INFO  - jmeter.threads.JMeterThread: Thread finished: 线程组 1-381 
2014/03/07 17:19:29 INFO  - jmeter.threads.JMeterThread: Thread finished: 线程组 1-382 
2014/03/07 17:19:29 INFO  - jmeter.threads.JMeterThread: Thread finished: 线程组 1-383 
2014/03/07 17:19:29 INFO  - jmeter.threads.JMeterThread: Thread finished: 线程组 1-360 
2014/03/07 17:19:29 INFO  - jmeter.threads.JMeterThread: Thread finished: 线程组 1-374 
2014/03/07 17:19:29 INFO  - jmeter.threads.JMeterThread: Thread finished: 线程组 1-375 
2014/03/07 17:19:29 INFO  - jmeter.threads.JMeterThread: Thread finished: 线程组 1-373 
2014/03/07 17:19:29 INFO  - jmeter.threads.JMeterThread: Thread finished: 线程组 1-391 
2014/03/07 17:19:29 INFO  - jmeter.threads.JMeterThread: Thread finished: 线程组 1-385 
2014/03/07 17:19:29 INFO  - jmeter.threads.JMeterThread: Thread finished: 线程组 1-398 
2014/03/07 17:19:29 INFO  - jmeter.threads.JMeterThread: Thread finished: 线程组 1-470 
2014/03/07 17:19:29 INFO  - jmeter.threads.JMeterThread: Thread finished: 线程组 1-384 
2014/03/07 17:19:29 INFO  - jmeter.threads.JMeterThread: Thread finished: 线程组 1-440 
2014/03/07 17:19:29 INFO  - jmeter.threads.JMeterThread: Thread finished: 线程组 1-497 
2014/03/07 17:19:29 INFO  - jmeter.threads.JMeterThread: Thread finished: 线程组 1-427 
2014/03/07 17:19:29 INFO  - jmeter.threads.JMeterThread: Thread finished: 线程组 1-473 
2014/03/07 17:19:29 INFO  - jmeter.threads.JMeterThread: Thread finished: 线程组 1-420 
2014/03/07 17:19:29 INFO  - jmeter.threads.JMeterThread: Thread finished: 线程组 1-439 
2014/03/07 17:19:29 INFO  - jmeter.threads.JMeterThread: Thread finished: 线程组 1-414 
2014/03/07 17:19:29 INFO  - jmeter.threads.JMeterThread: Thread finished: 线程组 1-436 
2014/03/07 17:19:29 INFO  - jmeter.threads.JMeterThread: Thread finished: 线程组 1-434 
2014/03/07 17:19:29 INFO  - jmeter.threads.JMeterThread: Thread finished: 线程组 1-475 
2014/03/07 17:19:29 INFO  - jmeter.threads.JMeterThread: Thread finished: 线程组 1-433 
2014/03/07 17:19:29 INFO  - jmeter.threads.JMeterThread: Thread finished: 线程组 1-446 
2014/03/07 17:19:29 INFO  - jmeter.threads.JMeterThread: Thread finished: 线程组 1-431 
2014/03/07 17:19:29 INFO  - jmeter.threads.JMeterThread: Thread finished: 线程组 1-449 
2014/03/07 17:19:29 INFO  - jmeter.threads.JMeterThread: Thread finished: 线程组 1-437 
2014/03/07 17:19:29 INFO  - jmeter.threads.JMeterThread: Thread finished: 线程组 1-466 
2014/03/07 17:19:29 INFO  - jmeter.threads.JMeterThread: Thread finished: 线程组 1-456 
2014/03/07 17:19:29 INFO  - jmeter.threads.JMeterThread: Thread finished: 线程组 1-395 
2014/03/07 17:19:29 INFO  - jmeter.threads.JMeterThread: Thread finished: 线程组 1-496 
2014/03/07 17:19:29 INFO  - jmeter.threads.JMeterThread: Thread finished: 线程组 1-457 
2014/03/07 17:19:29 INFO  - jmeter.threads.JMeterThread: Thread finished: 线程组 1-430 
2014/03/07 17:19:29 INFO  - jmeter.threads.JMeterThread: Thread finished: 线程组 1-464 
2014/03/07 17:19:29 INFO  - jmeter.threads.JMeterThread: Thread finished: 线程组 1-460 
2014/03/07 17:19:29 INFO  - jmeter.threads.JMeterThread: Thread finished: 线程组 1-459 
2014/03/07 17:19:29 INFO  - jmeter.threads.JMeterThread: Thread finished: 线程组 1-499 
2014/03/07 17:19:29 INFO  - jmeter.threads.JMeterThread: Thread finished: 线程组 1-462 
2014/03/07 17:19:29 INFO  - jmeter.threads.JMeterThread: Thread finished: 线程组 1-22 
2014/03/07 17:19:29 INFO  - jmeter.threads.JMeterThread: Thread finished: 线程组 1-28 
2014/03/07 17:19:29 INFO  - jmeter.threads.JMeterThread: Thread finished: 线程组 1-24 
2014/03/07 17:19:29 INFO  - jmeter.threads.JMeterThread: Thread finished: 线程组 1-20 
2014/03/07 17:19:29 INFO  - jmeter.threads.JMeterThread: Thread finished: 线程组 1-103 
2014/03/07 17:19:29 INFO  - jmeter.threads.JMeterThread: Thread finished: 线程组 1-498 
2014/03/07 17:19:29 INFO  - jmeter.threads.JMeterThread: Thread finished: 线程组 1-65 
2014/03/07 17:19:29 INFO  - jmeter.threads.JMeterThread: Thread finished: 线程组 1-45 
2014/03/07 17:19:29 INFO  - jmeter.threads.JMeterThread: Thread finished: 线程组 1-227 
2014/03/07 17:19:29 INFO  - jmeter.threads.JMeterThread: Thread finished: 线程组 1-286 
2014/03/07 17:19:29 INFO  - jmeter.threads.JMeterThread: Thread finished: 线程组 1-35 
2014/03/07 17:19:29 INFO  - jmeter.threads.JMeterThread: Thread finished: 线程组 1-400 
2014/03/07 17:19:29 INFO  - jmeter.threads.JMeterThread: Thread finished: 线程组 1-426 
2014/03/07 17:19:29 INFO  - jmeter.threads.JMeterThread: Thread finished: 线程组 1-494 
2014/03/07 17:19:29 INFO  - jmeter.threads.JMeterThread: Thread finished: 线程组 1-264 
2014/03/07 17:19:29 INFO  - jmeter.threads.JMeterThread: Thread finished: 线程组 1-292 
2014/03/07 17:19:29 INFO  - jmeter.threads.JMeterThread: Thread finished: 线程组 1-490 
2014/03/07 17:19:29 INFO  - jmeter.threads.JMeterThread: Thread finished: 线程组 1-492 
2014/03/07 17:19:29 INFO  - jmeter.threads.JMeterThread: Thread finished: 线程组 1-495 
2014/03/07 17:19:29 INFO  - jmeter.threads.JMeterThread: Thread finished: 线程组 1-201 
2014/03/07 17:19:29 INFO  - jmeter.threads.JMeterThread: Thread finished: 线程组 1-55 
2014/03/07 17:19:29 INFO  - jmeter.threads.JMeterThread: Thread finished: 线程组 1-371 
2014/03/07 17:19:29 INFO  - jmeter.threads.JMeterThread: Thread finished: 线程组 1-11 
2014/03/07 17:19:29 INFO  - jmeter.threads.JMeterThread: Thread finished: 线程组 1-188 
2014/03/07 17:19:29 INFO  - jmeter.threads.JMeterThread: Thread finished: 线程组 1-93 
2014/03/07 17:19:29 INFO  - jmeter.threads.JMeterThread: Thread finished: 线程组 1-183 
2014/03/07 17:19:29 INFO  - jmeter.threads.JMeterThread: Thread finished: 线程组 1-315 
2014/03/07 17:19:29 INFO  - jmeter.threads.JMeterThread: Thread finished: 线程组 1-108 
2014/03/07 17:19:29 INFO  - jmeter.threads.JMeterThread: Thread finished: 线程组 1-97 
2014/03/07 17:19:29 INFO  - jmeter.threads.JMeterThread: Thread finished: 线程组 1-172 
2014/03/07 17:19:29 INFO  - jmeter.threads.JMeterThread: Thread finished: 线程组 1-472 
2014/03/07 17:19:29 INFO  - jmeter.threads.JMeterThread: Thread finished: 线程组 1-159 
2014/03/07 17:19:29 INFO  - jmeter.threads.JMeterThread: Thread finished: 线程组 1-409 
2014/03/07 17:19:29 INFO  - jmeter.threads.JMeterThread: Thread finished: 线程组 1-417 
2014/03/07 17:19:29 INFO  - jmeter.threads.JMeterThread: Thread finished: 线程组 1-407 
2014/03/07 17:19:29 INFO  - jmeter.threads.JMeterThread: Thread finished: 线程组 1-80 
2014/03/07 17:19:29 INFO  - jmeter.threads.JMeterThread: Thread finished: 线程组 1-401 
2014/03/07 17:19:29 INFO  - jmeter.threads.JMeterThread: Thread finished: 线程组 1-64 
2014/03/07 17:19:29 INFO  - jmeter.threads.JMeterThread: Thread finished: 线程组 1-100 
2014/03/07 17:19:29 INFO  - jmeter.threads.JMeterThread: Thread finished: 线程组 1-122 
2014/03/07 17:19:29 INFO  - jmeter.threads.JMeterThread: Thread finished: 线程组 1-405 
2014/03/07 17:19:29 INFO  - jmeter.threads.JMeterThread: Thread finished: 线程组 1-182 
2014/03/07 17:19:29 INFO  - jmeter.threads.JMeterThread: Thread finished: 线程组 1-396 
2014/03/07 17:19:29 INFO  - jmeter.threads.JMeterThread: Thread finished: 线程组 1-9 
2014/03/07 17:19:29 INFO  - jmeter.threads.JMeterThread: Thread finished: 线程组 1-43 
2014/03/07 17:19:29 INFO  - jmeter.threads.JMeterThread: Thread finished: 线程组 1-58 
2014/03/07 17:19:29 INFO  - jmeter.threads.JMeterThread: Thread finished: 线程组 1-133 
2014/03/07 17:19:29 INFO  - jmeter.threads.JMeterThread: Thread finished: 线程组 1-291 
2014/03/07 17:19:29 INFO  - jmeter.threads.JMeterThread: Thread finished: 线程组 1-423 
2014/03/07 17:19:29 INFO  - jmeter.threads.JMeterThread: Thread finished: 线程组 1-412 
2014/03/07 17:19:29 INFO  - jmeter.threads.JMeterThread: Thread finished: 线程组 1-415 
2014/03/07 17:19:29 INFO  - jmeter.threads.JMeterThread: Thread finished: 线程组 1-419 
2014/03/07 17:19:29 INFO  - jmeter.threads.JMeterThread: Thread finished: 线程组 1-448 
2014/03/07 17:19:29 INFO  - jmeter.threads.JMeterThread: Thread finished: 线程组 1-444 
2014/03/07 17:19:29 INFO  - jmeter.threads.JMeterThread: Thread finished: 线程组 1-451 
2014/03/07 17:19:29 INFO  - jmeter.threads.JMeterThread: Thread finished: 线程组 1-452 
2014/03/07 17:19:29 INFO  - jmeter.threads.JMeterThread: Thread finished: 线程组 1-441 
2014/03/07 17:19:29 INFO  - jmeter.threads.JMeterThread: Thread finished: 线程组 1-202 
2014/03/07 17:19:29 INFO  - jmeter.threads.JMeterThread: Thread finished: 线程组 1-123 
2014/03/07 17:19:29 INFO  - jmeter.threads.JMeterThread: Thread finished: 线程组 1-454 
2014/03/07 17:19:29 INFO  - jmeter.threads.JMeterThread: Thread finished: 线程组 1-147 
2014/03/07 17:19:29 INFO  - jmeter.threads.JMeterThread: Thread finished: 线程组 1-484 
2014/03/07 17:19:29 INFO  - jmeter.threads.JMeterThread: Thread finished: 线程组 1-482 
2014/03/07 17:19:29 INFO  - jmeter.threads.JMeterThread: Thread finished: 线程组 1-483 
2014/03/07 17:19:29 INFO  - jmeter.threads.JMeterThread: Thread finished: 线程组 1-485 
2014/03/07 17:19:29 INFO  - jmeter.threads.JMeterThread: Thread finished: 线程组 1-481 
2014/03/07 17:19:29 INFO  - jmeter.threads.JMeterThread: Thread finished: 线程组 1-480 
2014/03/07 17:19:29 INFO  - jmeter.threads.JMeterThread: Thread finished: 线程组 1-479 
2014/03/07 17:19:29 INFO  - jmeter.threads.JMeterThread: Thread finished: 线程组 1-445 
2014/03/07 17:19:29 INFO  - jmeter.threads.JMeterThread: Thread finished: 线程组 1-350 
2014/03/07 17:19:29 INFO  - jmeter.engine.StandardJMeterEngine: Notifying test listeners of end of test 
2014/03/07 17:19:29 INFO  - jmeter.services.FileServer: Close: ./company.cvs 
2014/03/07 17:19:29 INFO  - jmeter.gui.util.JMeterMenuBar: setRunning(false,*local*) 
