2014-10-25 17:52:50,746 - ResourceManager : found templates/applicationImplTemplate.vm with loader forkoala.org.apache.velocity.runtime.resource.loader.ClasspathResourceLoader
2014-10-25 17:52:50,748 - RHS of #set statement is null. Context will not be modified. templates/applicationImplTemplate.vm[line 1, column 1]
2014-10-25 17:52:50,756 - Null reference [template 'templates/applicationImplTemplate.vm', line 14, column 8] : ${entity.className} cannot be resolved.
2014-10-25 17:52:55,719 - ResourceManager : found templates/dtoTemplate.vm with loader forkoala.org.apache.velocity.runtime.resource.loader.ClasspathResourceLoader
2014-10-25 17:52:59,477 - ResourceManager : found templates/applicationTemplate.vm with loader forkoala.org.apache.velocity.runtime.resource.loader.ClasspathResourceLoader
2014-10-25 17:52:59,478 - RHS of #set statement is null. Context will not be modified. templates/applicationTemplate.vm[line 1, column 1]
2014-10-25 17:52:59,478 - Null reference [template 'templates/applicationTemplate.vm', line 10, column 9] : ${entity.className} cannot be resolved.
2014-10-25 17:53:04,214 - ResourceManager : found templates/facadeImplTemplate.vm with loader forkoala.org.apache.velocity.runtime.resource.loader.ClasspathResourceLoader
2014-10-25 17:53:04,215 - RHS of #set statement is null. Context will not be modified. templates/facadeImplTemplate.vm[line 1, column 1]
2014-10-25 17:53:04,216 - Null reference [template 'templates/facadeImplTemplate.vm', line 22, column 49] : ${entity.name} cannot be resolved.
2014-10-25 17:53:04,216 - Null reference [template 'templates/facadeImplTemplate.vm', line 26, column 8] : ${entity.className.substring(0, ${entity.className.lastIndexOf(".")})} cannot be resolved.
2014-10-25 17:53:07,794 - ResourceManager : found templates/assemblerTemplate.vm with loader forkoala.org.apache.velocity.runtime.resource.loader.ClasspathResourceLoader
2014-10-25 17:53:07,795 - RHS of #set statement is null. Context will not be modified. templates/assemblerTemplate.vm[line 1, column 1]
2014-10-25 17:53:07,795 - Null reference [template 'templates/assemblerTemplate.vm', line 8, column 8] : ${entity.className.substring(0, ${entity.className.lastIndexOf(".")})} cannot be resolved.
2014-10-25 17:53:07,795 - Null reference [template 'templates/assemblerTemplate.vm', line 10, column 14] : ${entity.name} cannot be resolved.
2014-10-25 17:53:07,795 - Null reference [template 'templates/assemblerTemplate.vm', line 12, column 47] : ${entity.name} cannot be resolved.
2014-10-25 17:53:07,795 - Null reference [template 'templates/assemblerTemplate.vm', line 12, column 63] : ${entity.name.substring(0, 1).toLowerCase()} cannot be resolved.
2014-10-25 17:53:07,795 - Null reference [template 'templates/assemblerTemplate.vm', line 12, column 107] : ${entity.name.substring(1)} cannot be resolved.
2014-10-25 17:53:07,795 - Null reference [template 'templates/assemblerTemplate.vm', line 13, column 21] : ${entity.name.substring(0, 1).toLowerCase()} cannot be resolved.
2014-10-25 17:53:07,795 - Null reference [template 'templates/assemblerTemplate.vm', line 13, column 65] : ${entity.name.substring(1)} cannot be resolved.
2014-10-25 17:53:07,796 - Null reference [template 'templates/assemblerTemplate.vm', line 28, column 65] : ${entity.name} cannot be resolved.
2014-10-25 17:53:07,796 - Null reference [template 'templates/assemblerTemplate.vm', line 28, column 82] : ${entity.name.substring(0, 1).toLowerCase()} cannot be resolved.
2014-10-25 17:53:07,796 - Null reference [template 'templates/assemblerTemplate.vm', line 28, column 126] : ${entity.name.substring(1)} cannot be resolved.
2014-10-25 17:53:07,796 - Null reference [template 'templates/assemblerTemplate.vm', line 29, column 21] : ${entity.name.substring(0, 1).toLowerCase()} cannot be resolved.
2014-10-25 17:53:07,796 - Null reference [template 'templates/assemblerTemplate.vm', line 29, column 65] : ${entity.name.substring(1)} cannot be resolved.
2014-10-25 17:53:07,796 - Null reference [template 'templates/assemblerTemplate.vm', line 33, column 22] : ${entity.name} cannot be resolved.
2014-10-25 17:53:07,796 - Null reference [template 'templates/assemblerTemplate.vm', line 33, column 44] : ${entity.name.substring(0, 1).toLowerCase()} cannot be resolved.
2014-10-25 17:53:07,796 - Null reference [template 'templates/assemblerTemplate.vm', line 33, column 88] : ${entity.name.substring(1)} cannot be resolved.
2014-10-25 17:53:07,796 - Null reference [template 'templates/assemblerTemplate.vm', line 39, column 24] : ${entity.name} cannot be resolved.
2014-10-25 17:53:07,796 - Null reference [template 'templates/assemblerTemplate.vm', line 43, column 17] : ${entity.name} cannot be resolved.
2014-10-25 17:53:07,796 - Null reference [template 'templates/assemblerTemplate.vm', line 43, column 46] : ${entity.name} cannot be resolved.
2014-10-25 17:53:07,796 - Null reference [template 'templates/assemblerTemplate.vm', line 51, column 28] : ${entity.name} cannot be resolved.
2014-10-25 17:53:07,797 - Null reference [template 'templates/assemblerTemplate.vm', line 56, column 22] : ${entity.name} cannot be resolved.
2014-10-25 17:53:07,797 - Null reference [template 'templates/assemblerTemplate.vm', line 56, column 62] : ${entity.name} cannot be resolved.
2014-10-25 17:53:12,430 - ResourceManager : found templates/facadeTemplate.vm with loader forkoala.org.apache.velocity.runtime.resource.loader.ClasspathResourceLoader
2014-10-25 17:53:12,430 - RHS of #set statement is null. Context will not be modified. templates/facadeTemplate.vm[line 1, column 1]
2014-10-25 17:53:15,772 - ResourceManager : found templates/controllerTemplate.vm with loader forkoala.org.apache.velocity.runtime.resource.loader.ClasspathResourceLoader
2014-10-25 17:53:15,773 - RHS of #set statement is null. Context will not be modified. templates/controllerTemplate.vm[line 1, column 1]
2014-10-25 17:53:33,245 - ResourceManager : found templates/controllerListPageTemplate.vm with loader forkoala.org.apache.velocity.runtime.resource.loader.ClasspathResourceLoader
2014-10-25 17:53:33,251 - Null reference [template 'templates/controllerListPageTemplate.vm', line 101, column 30] : ${pageContext.request.contextPath} cannot be resolved.
2014-10-25 17:53:33,254 - Null reference [template 'templates/controllerListPageTemplate.vm', line 128, column 37] : $this cannot be resolved.
2014-10-25 17:53:33,254 - Null reference [template 'templates/controllerListPageTemplate.vm', line 130, column 37] : $this.message({
	                                type: 'warning',
	                                content: '请选择一条记录进行修改'
	                            }) cannot be resolved.
2014-10-25 17:53:33,255 - Null reference [template 'templates/controllerListPageTemplate.vm', line 137, column 37] : $this.message({
	                                type: 'warning',
	                                content: '只能选择一条记录进行修改'
	                            }) cannot be resolved.
2014-10-25 17:53:33,255 - Null reference [template 'templates/controllerListPageTemplate.vm', line 143, column 55] : $this cannot be resolved.
2014-10-25 17:53:33,255 - Null reference [template 'templates/controllerListPageTemplate.vm', line 147, column 37] : $this cannot be resolved.
2014-10-25 17:53:33,255 - Null reference [template 'templates/controllerListPageTemplate.vm', line 149, column 37] : $this.message({
	                                   type: 'warning',
	                                   content: '请选择要删除的记录'
	                            }) cannot be resolved.
2014-10-25 17:53:33,255 - Null reference [template 'templates/controllerListPageTemplate.vm', line 156, column 57] : $this cannot be resolved.
2014-10-25 17:53:33,255 - Null reference [template 'templates/controllerListPageTemplate.vm', line 158, column 33] : $this.confirm({
	                            content: '确定要删除所选记录吗?',
	                            callBack: remove
	                        }) cannot be resolved.
2014-10-25 17:53:33,256 - Null reference [template 'templates/controllerListPageTemplate.vm', line 187, column 31] : ${pageContext.request.contextPath} cannot be resolved.
2014-10-25 17:53:33,256 - Null reference [template 'templates/controllerListPageTemplate.vm', line 210, column 32] : ${pageContext.request.contextPath} cannot be resolved.
2014-10-25 17:53:33,257 - Null reference [template 'templates/controllerListPageTemplate.vm', line 231, column 37] : ${pageContext.request.contextPath} cannot be resolved.
2014-10-25 17:53:33,257 - Null reference [template 'templates/controllerListPageTemplate.vm', line 271, column 25] : ${pageContext.request.contextPath} cannot be resolved.
2014-10-25 17:53:33,258 - Null reference [template 'templates/controllerListPageTemplate.vm', line 293, column 21] : $this cannot be resolved.
2014-10-25 17:53:33,258 - Null reference [template 'templates/controllerListPageTemplate.vm', line 294, column 28] : $this.attr('name') cannot be resolved.
2014-10-25 17:53:33,258 - Null reference [template 'templates/controllerListPageTemplate.vm', line 296, column 36] : $this.val() cannot be resolved.
2014-10-25 17:53:33,258 - Null reference [template 'templates/controllerListPageTemplate.vm', line 307, column 24] : ${pageContext.request.contextPath} cannot be resolved.
2014-10-25 17:53:40,300 - ResourceManager : found templates/controllerViewPageTemplate.vm with loader forkoala.org.apache.velocity.runtime.resource.loader.ClasspathResourceLoader
2014-10-25 17:53:47,031 - ResourceManager : found templates/controllerFormPageTemplate.vm with loader forkoala.org.apache.velocity.runtime.resource.loader.ClasspathResourceLoader
2014-10-25 17:53:50,424 - ResourceManager : found templates/controllerFormPageTemplate.vm with loader forkoala.org.apache.velocity.runtime.resource.loader.ClasspathResourceLoader
2014-10-25 19:19:01,131 - Log4JLogChute initialized using file 'velocity.log'
2014-10-25 19:19:01,144 - Initializing Velocity, Calling init()...
2014-10-25 19:19:01,144 - Starting Apache Velocity v1.7 (compiled: 2010-11-19 12:14:37)
2014-10-25 19:19:01,144 - Default Properties File: forkoala\org\apache\velocity\runtime\defaults\velocity.properties
2014-10-25 19:19:01,144 - Trying to use logger class forkoala.org.apache.velocity.runtime.log.AvalonLogChute
2014-10-25 19:19:01,145 - Couldn't find class forkoala.org.apache.velocity.runtime.log.AvalonLogChute or necessary supporting classes in classpath.
java.lang.NoClassDefFoundError: org/apache/log/format/Formatter
	at java.lang.Class.forName0(Native Method)
	at java.lang.Class.forName(Class.java:247)
	at forkoala.org.apache.velocity.util.ClassUtils.getClass(ClassUtils.java:73)
	at forkoala.org.apache.velocity.util.ClassUtils.getNewInstance(ClassUtils.java:105)
	at forkoala.org.apache.velocity.runtime.log.LogManager.createLogChute(LogManager.java:155)
	at forkoala.org.apache.velocity.runtime.log.LogManager.updateLog(LogManager.java:270)
	at forkoala.org.apache.velocity.runtime.RuntimeInstance.initializeLog(RuntimeInstance.java:872)
	at forkoala.org.apache.velocity.runtime.RuntimeInstance.init(RuntimeInstance.java:263)
	at forkoala.org.apache.velocity.runtime.RuntimeInstance.init(RuntimeInstance.java:647)
	at forkoala.org.apache.velocity.app.VelocityEngine.init(VelocityEngine.java:117)
	at org.openkoala.koala.action.velocity.VelocityHelper.getVelocityEngine(VelocityHelper.java:28)
	at org.openkoala.koala.action.velocity.VelocityUtil.vmToFile(VelocityUtil.java:60)
	at org.openkoala.koala.deploy.curd.module.pojo.ImplNewFile.process(ImplNewFile.java:109)
	at org.openkoala.koala.deploy.curd.generator.CodeGenerator.generateCode(CodeGenerator.java:86)
	at org.openkoala.koala.deploy.curd.module.Test.main(Test.java:65)
Caused by: java.lang.ClassNotFoundException: org.apache.log.format.Formatter
	at java.net.URLClassLoader$1.run(URLClassLoader.java:202)
	at java.security.AccessController.doPrivileged(Native Method)
	at java.net.URLClassLoader.findClass(URLClassLoader.java:190)
	at java.lang.ClassLoader.loadClass(ClassLoader.java:306)
	at sun.misc.Launcher$AppClassLoader.loadClass(Launcher.java:301)
	at java.lang.ClassLoader.loadClass(ClassLoader.java:247)
	... 15 more
2014-10-25 19:19:01,146 - Trying to use logger class forkoala.org.apache.velocity.runtime.log.Log4JLogChute
2014-10-25 19:19:01,146 - Using logger class forkoala.org.apache.velocity.runtime.log.Log4JLogChute
2014-10-25 19:19:01,152 - ResourceLoader instantiated: forkoala.org.apache.velocity.runtime.resource.loader.ClasspathResourceLoader
2014-10-25 19:19:01,162 - ResourceCache: initialized (class forkoala.org.apache.velocity.runtime.resource.ResourceCacheImpl) with class java.util.Collections$SynchronizedMap cache map.
2014-10-25 19:19:01,163 - Loaded System Directive: forkoala.org.apache.velocity.runtime.directive.Stop
2014-10-25 19:19:01,165 - Loaded System Directive: forkoala.org.apache.velocity.runtime.directive.Define
2014-10-25 19:19:01,165 - Loaded System Directive: forkoala.org.apache.velocity.runtime.directive.Break
2014-10-25 19:19:01,166 - Loaded System Directive: forkoala.org.apache.velocity.runtime.directive.Evaluate
2014-10-25 19:19:01,166 - Loaded System Directive: forkoala.org.apache.velocity.runtime.directive.Literal
2014-10-25 19:19:01,167 - Loaded System Directive: forkoala.org.apache.velocity.runtime.directive.Macro
2014-10-25 19:19:01,168 - Loaded System Directive: forkoala.org.apache.velocity.runtime.directive.Parse
2014-10-25 19:19:01,169 - Loaded System Directive: forkoala.org.apache.velocity.runtime.directive.Include
2014-10-25 19:19:01,170 - Loaded System Directive: forkoala.org.apache.velocity.runtime.directive.Foreach
2014-10-25 19:19:01,190 - Created '20' parsers.
2014-10-25 19:19:01,194 - Velocimacro : "velocimacro.library" is not set.  Trying default library: VM_global_library.vm
2014-10-25 19:19:01,194 - Could not load resource 'VM_global_library.vm' from ResourceLoader forkoala.org.apache.velocity.runtime.resource.loader.ClasspathResourceLoader: ClasspathResourceLoader Error: cannot find resource VM_global_library.vm
2014-10-25 19:19:01,194 - Velocimacro : Default library not found.
2014-10-25 19:19:01,195 - Velocimacro : allowInline = true : VMs can be defined inline in templates
2014-10-25 19:19:01,195 - Velocimacro : allowInlineToOverride = false : VMs defined inline may NOT replace previous VM definitions
2014-10-25 19:19:01,195 - Velocimacro : allowInlineLocal = false : VMs defined inline will be global in scope if allowed.
2014-10-25 19:19:01,195 - Velocimacro : autoload off : VM system will not automatically reload global library macros
2014-10-25 19:19:01,452 - ResourceManager : found templates/applicationImplTemplate.vm with loader forkoala.org.apache.velocity.runtime.resource.loader.ClasspathResourceLoader
2014-10-25 19:19:01,567 - RHS of #set statement is null. Context will not be modified. templates/applicationImplTemplate.vm[line 1, column 1]
2014-10-25 19:19:01,593 - Null reference [template 'templates/applicationImplTemplate.vm', line 14, column 8] : ${entity.className} cannot be resolved.
2014-10-25 19:22:24,576 - Log4JLogChute initialized using file 'velocity.log'
2014-10-25 19:22:24,576 - Initializing Velocity, Calling init()...
2014-10-25 19:22:24,576 - Starting Apache Velocity v1.7 (compiled: 2010-11-19 12:14:37)
2014-10-25 19:22:24,576 - Default Properties File: forkoala\org\apache\velocity\runtime\defaults\velocity.properties
2014-10-25 19:22:24,576 - Trying to use logger class forkoala.org.apache.velocity.runtime.log.AvalonLogChute
2014-10-25 19:22:24,577 - Couldn't find class forkoala.org.apache.velocity.runtime.log.AvalonLogChute or necessary supporting classes in classpath.
java.lang.NoClassDefFoundError: org/apache/log/format/Formatter
	at java.lang.Class.forName0(Native Method)
	at java.lang.Class.forName(Class.java:247)
	at forkoala.org.apache.velocity.util.ClassUtils.getClass(ClassUtils.java:73)
	at forkoala.org.apache.velocity.util.ClassUtils.getNewInstance(ClassUtils.java:105)
	at forkoala.org.apache.velocity.runtime.log.LogManager.createLogChute(LogManager.java:155)
	at forkoala.org.apache.velocity.runtime.log.LogManager.updateLog(LogManager.java:270)
	at forkoala.org.apache.velocity.runtime.RuntimeInstance.initializeLog(RuntimeInstance.java:872)
	at forkoala.org.apache.velocity.runtime.RuntimeInstance.init(RuntimeInstance.java:263)
	at forkoala.org.apache.velocity.runtime.RuntimeInstance.init(RuntimeInstance.java:647)
	at forkoala.org.apache.velocity.app.VelocityEngine.init(VelocityEngine.java:117)
	at org.openkoala.koala.action.velocity.VelocityHelper.getVelocityEngine(VelocityHelper.java:28)
	at org.openkoala.koala.action.velocity.VelocityUtil.vmToFile(VelocityUtil.java:60)
	at org.openkoala.koala.deploy.curd.module.pojo.ImplNewFile.process(ImplNewFile.java:109)
	at org.openkoala.koala.deploy.curd.generator.CodeGenerator.generateCode(CodeGenerator.java:86)
	at org.openkoala.koala.deploy.curd.module.Test.main(Test.java:65)
Caused by: java.lang.ClassNotFoundException: org.apache.log.format.Formatter
	at java.net.URLClassLoader$1.run(URLClassLoader.java:202)
	at java.security.AccessController.doPrivileged(Native Method)
	at java.net.URLClassLoader.findClass(URLClassLoader.java:190)
	at java.lang.ClassLoader.loadClass(ClassLoader.java:306)
	at sun.misc.Launcher$AppClassLoader.loadClass(Launcher.java:301)
	at java.lang.ClassLoader.loadClass(ClassLoader.java:247)
	... 15 more
2014-10-25 19:22:24,578 - Trying to use logger class forkoala.org.apache.velocity.runtime.log.Log4JLogChute
2014-10-25 19:22:24,578 - Using logger class forkoala.org.apache.velocity.runtime.log.Log4JLogChute
2014-10-25 19:22:24,580 - ResourceLoader instantiated: forkoala.org.apache.velocity.runtime.resource.loader.ClasspathResourceLoader
2014-10-25 19:22:24,592 - ResourceCache: initialized (class forkoala.org.apache.velocity.runtime.resource.ResourceCacheImpl) with class java.util.Collections$SynchronizedMap cache map.
2014-10-25 19:22:24,593 - Loaded System Directive: forkoala.org.apache.velocity.runtime.directive.Stop
2014-10-25 19:22:24,593 - Loaded System Directive: forkoala.org.apache.velocity.runtime.directive.Define
2014-10-25 19:22:24,594 - Loaded System Directive: forkoala.org.apache.velocity.runtime.directive.Break
2014-10-25 19:22:24,594 - Loaded System Directive: forkoala.org.apache.velocity.runtime.directive.Evaluate
2014-10-25 19:22:24,595 - Loaded System Directive: forkoala.org.apache.velocity.runtime.directive.Literal
2014-10-25 19:22:24,595 - Loaded System Directive: forkoala.org.apache.velocity.runtime.directive.Macro
2014-10-25 19:22:24,596 - Loaded System Directive: forkoala.org.apache.velocity.runtime.directive.Parse
2014-10-25 19:22:24,597 - Loaded System Directive: forkoala.org.apache.velocity.runtime.directive.Include
2014-10-25 19:22:24,597 - Loaded System Directive: forkoala.org.apache.velocity.runtime.directive.Foreach
2014-10-25 19:22:24,615 - Created '20' parsers.
2014-10-25 19:22:24,620 - Velocimacro : "velocimacro.library" is not set.  Trying default library: VM_global_library.vm
2014-10-25 19:22:24,621 - Could not load resource 'VM_global_library.vm' from ResourceLoader forkoala.org.apache.velocity.runtime.resource.loader.ClasspathResourceLoader: ClasspathResourceLoader Error: cannot find resource VM_global_library.vm
2014-10-25 19:22:24,621 - Velocimacro : Default library not found.
2014-10-25 19:22:24,621 - Velocimacro : allowInline = true : VMs can be defined inline in templates
2014-10-25 19:22:24,621 - Velocimacro : allowInlineToOverride = false : VMs defined inline may NOT replace previous VM definitions
2014-10-25 19:22:24,621 - Velocimacro : allowInlineLocal = false : VMs defined inline will be global in scope if allowed.
2014-10-25 19:22:24,621 - Velocimacro : autoload off : VM system will not automatically reload global library macros
2014-10-25 19:22:24,858 - ResourceManager : found templates/applicationImplTemplate.vm with loader forkoala.org.apache.velocity.runtime.resource.loader.ClasspathResourceLoader
2014-10-25 19:22:24,861 - RHS of #set statement is null. Context will not be modified. templates/applicationImplTemplate.vm[line 1, column 1]
2014-10-25 19:22:24,868 - Null reference [template 'templates/applicationImplTemplate.vm', line 14, column 8] : ${entity.className} cannot be resolved.
2014-10-25 19:22:47,881 - ResourceManager : found templates/dtoTemplate.vm with loader forkoala.org.apache.velocity.runtime.resource.loader.ClasspathResourceLoader
2014-10-25 19:22:48,033 - ResourceManager : found templates/applicationTemplate.vm with loader forkoala.org.apache.velocity.runtime.resource.loader.ClasspathResourceLoader
2014-10-25 19:22:48,034 - RHS of #set statement is null. Context will not be modified. templates/applicationTemplate.vm[line 1, column 1]
2014-10-25 19:22:48,034 - Null reference [template 'templates/applicationTemplate.vm', line 10, column 9] : ${entity.className} cannot be resolved.
2014-10-25 19:22:48,773 - ResourceManager : found templates/facadeImplTemplate.vm with loader forkoala.org.apache.velocity.runtime.resource.loader.ClasspathResourceLoader
2014-10-25 19:22:48,774 - RHS of #set statement is null. Context will not be modified. templates/facadeImplTemplate.vm[line 1, column 1]
2014-10-25 19:22:48,774 - Null reference [template 'templates/facadeImplTemplate.vm', line 22, column 49] : ${entity.name} cannot be resolved.
2014-10-25 19:22:48,775 - Null reference [template 'templates/facadeImplTemplate.vm', line 26, column 8] : ${entity.className.substring(0, ${entity.className.lastIndexOf(".")})} cannot be resolved.
2014-10-25 19:22:49,348 - ResourceManager : found templates/assemblerTemplate.vm with loader forkoala.org.apache.velocity.runtime.resource.loader.ClasspathResourceLoader
2014-10-25 19:22:49,348 - RHS of #set statement is null. Context will not be modified. templates/assemblerTemplate.vm[line 1, column 1]
2014-10-25 19:22:49,349 - Null reference [template 'templates/assemblerTemplate.vm', line 8, column 8] : ${entity.className.substring(0, ${entity.className.lastIndexOf(".")})} cannot be resolved.
2014-10-25 19:22:49,349 - Null reference [template 'templates/assemblerTemplate.vm', line 10, column 14] : ${entity.name} cannot be resolved.
2014-10-25 19:22:49,349 - Null reference [template 'templates/assemblerTemplate.vm', line 12, column 47] : ${entity.name} cannot be resolved.
2014-10-25 19:22:49,349 - Null reference [template 'templates/assemblerTemplate.vm', line 12, column 63] : ${entity.name.substring(0, 1).toLowerCase()} cannot be resolved.
2014-10-25 19:22:49,349 - Null reference [template 'templates/assemblerTemplate.vm', line 12, column 107] : ${entity.name.substring(1)} cannot be resolved.
2014-10-25 19:22:49,349 - Null reference [template 'templates/assemblerTemplate.vm', line 13, column 21] : ${entity.name.substring(0, 1).toLowerCase()} cannot be resolved.
2014-10-25 19:22:49,349 - Null reference [template 'templates/assemblerTemplate.vm', line 13, column 65] : ${entity.name.substring(1)} cannot be resolved.
2014-10-25 19:22:49,349 - Null reference [template 'templates/assemblerTemplate.vm', line 28, column 65] : ${entity.name} cannot be resolved.
2014-10-25 19:22:49,349 - Null reference [template 'templates/assemblerTemplate.vm', line 28, column 82] : ${entity.name.substring(0, 1).toLowerCase()} cannot be resolved.
2014-10-25 19:22:49,349 - Null reference [template 'templates/assemblerTemplate.vm', line 28, column 126] : ${entity.name.substring(1)} cannot be resolved.
2014-10-25 19:22:49,349 - Null reference [template 'templates/assemblerTemplate.vm', line 29, column 21] : ${entity.name.substring(0, 1).toLowerCase()} cannot be resolved.
2014-10-25 19:22:49,349 - Null reference [template 'templates/assemblerTemplate.vm', line 29, column 65] : ${entity.name.substring(1)} cannot be resolved.
2014-10-25 19:22:49,349 - Null reference [template 'templates/assemblerTemplate.vm', line 33, column 22] : ${entity.name} cannot be resolved.
2014-10-25 19:22:49,349 - Null reference [template 'templates/assemblerTemplate.vm', line 33, column 44] : ${entity.name.substring(0, 1).toLowerCase()} cannot be resolved.
2014-10-25 19:22:49,349 - Null reference [template 'templates/assemblerTemplate.vm', line 33, column 88] : ${entity.name.substring(1)} cannot be resolved.
2014-10-25 19:22:49,349 - Null reference [template 'templates/assemblerTemplate.vm', line 39, column 24] : ${entity.name} cannot be resolved.
2014-10-25 19:22:49,349 - Null reference [template 'templates/assemblerTemplate.vm', line 43, column 17] : ${entity.name} cannot be resolved.
2014-10-25 19:22:49,350 - Null reference [template 'templates/assemblerTemplate.vm', line 43, column 46] : ${entity.name} cannot be resolved.
2014-10-25 19:22:49,350 - Null reference [template 'templates/assemblerTemplate.vm', line 51, column 28] : ${entity.name} cannot be resolved.
2014-10-25 19:22:49,350 - Null reference [template 'templates/assemblerTemplate.vm', line 56, column 22] : ${entity.name} cannot be resolved.
2014-10-25 19:22:49,350 - Null reference [template 'templates/assemblerTemplate.vm', line 56, column 62] : ${entity.name} cannot be resolved.
2014-10-25 19:22:49,624 - ResourceManager : found templates/facadeTemplate.vm with loader forkoala.org.apache.velocity.runtime.resource.loader.ClasspathResourceLoader
2014-10-25 19:22:49,624 - RHS of #set statement is null. Context will not be modified. templates/facadeTemplate.vm[line 1, column 1]
2014-10-25 19:22:50,128 - ResourceManager : found templates/controllerTemplate.vm with loader forkoala.org.apache.velocity.runtime.resource.loader.ClasspathResourceLoader
2014-10-25 19:22:50,129 - RHS of #set statement is null. Context will not be modified. templates/controllerTemplate.vm[line 1, column 1]
2014-10-25 19:22:50,655 - ResourceManager : found templates/controllerListPageTemplate.vm with loader forkoala.org.apache.velocity.runtime.resource.loader.ClasspathResourceLoader
2014-10-25 19:22:50,659 - Null reference [template 'templates/controllerListPageTemplate.vm', line 101, column 30] : ${pageContext.request.contextPath} cannot be resolved.
2014-10-25 19:22:50,660 - Null reference [template 'templates/controllerListPageTemplate.vm', line 128, column 37] : $this cannot be resolved.
2014-10-25 19:22:50,660 - Null reference [template 'templates/controllerListPageTemplate.vm', line 130, column 37] : $this.message({
	                                type: 'warning',
	                                content: '请选择一条记录进行修改'
	                            }) cannot be resolved.
2014-10-25 19:22:50,660 - Null reference [template 'templates/controllerListPageTemplate.vm', line 137, column 37] : $this.message({
	                                type: 'warning',
	                                content: '只能选择一条记录进行修改'
	                            }) cannot be resolved.
2014-10-25 19:22:50,660 - Null reference [template 'templates/controllerListPageTemplate.vm', line 143, column 55] : $this cannot be resolved.
2014-10-25 19:22:50,660 - Null reference [template 'templates/controllerListPageTemplate.vm', line 147, column 37] : $this cannot be resolved.
2014-10-25 19:22:50,660 - Null reference [template 'templates/controllerListPageTemplate.vm', line 149, column 37] : $this.message({
	                                   type: 'warning',
	                                   content: '请选择要删除的记录'
	                            }) cannot be resolved.
2014-10-25 19:22:50,661 - Null reference [template 'templates/controllerListPageTemplate.vm', line 156, column 57] : $this cannot be resolved.
2014-10-25 19:22:50,661 - Null reference [template 'templates/controllerListPageTemplate.vm', line 158, column 33] : $this.confirm({
	                            content: '确定要删除所选记录吗?',
	                            callBack: remove
	                        }) cannot be resolved.
2014-10-25 19:22:50,661 - Null reference [template 'templates/controllerListPageTemplate.vm', line 187, column 31] : ${pageContext.request.contextPath} cannot be resolved.
2014-10-25 19:22:50,661 - Null reference [template 'templates/controllerListPageTemplate.vm', line 210, column 32] : ${pageContext.request.contextPath} cannot be resolved.
2014-10-25 19:22:50,661 - Null reference [template 'templates/controllerListPageTemplate.vm', line 231, column 37] : ${pageContext.request.contextPath} cannot be resolved.
2014-10-25 19:22:50,661 - Null reference [template 'templates/controllerListPageTemplate.vm', line 271, column 25] : ${pageContext.request.contextPath} cannot be resolved.
2014-10-25 19:22:50,661 - Null reference [template 'templates/controllerListPageTemplate.vm', line 293, column 21] : $this cannot be resolved.
2014-10-25 19:22:50,661 - Null reference [template 'templates/controllerListPageTemplate.vm', line 294, column 28] : $this.attr('name') cannot be resolved.
2014-10-25 19:22:50,661 - Null reference [template 'templates/controllerListPageTemplate.vm', line 296, column 36] : $this.val() cannot be resolved.
2014-10-25 19:22:50,661 - Null reference [template 'templates/controllerListPageTemplate.vm', line 307, column 24] : ${pageContext.request.contextPath} cannot be resolved.
2014-10-25 19:22:50,719 - ResourceManager : found templates/controllerViewPageTemplate.vm with loader forkoala.org.apache.velocity.runtime.resource.loader.ClasspathResourceLoader
2014-10-25 19:22:50,977 - ResourceManager : found templates/controllerFormPageTemplate.vm with loader forkoala.org.apache.velocity.runtime.resource.loader.ClasspathResourceLoader
2014-10-25 19:22:51,242 - ResourceManager : found templates/controllerFormPageTemplate.vm with loader forkoala.org.apache.velocity.runtime.resource.loader.ClasspathResourceLoader
